<?xml version="1.0" encoding="UTF-8"?>
<coverage generated="1777019417076" clover="3.2.0">
  <project timestamp="1777019417076" name="All files">
    <metrics statements="260" coveredstatements="136" conditionals="71" coveredconditionals="20" methods="70" coveredmethods="35" elements="401" coveredelements="191" complexity="0" loc="260" ncloc="260" packages="5" files="14" classes="14"/>
    <package name="src">
      <metrics statements="1" coveredstatements="1" conditionals="0" coveredconditionals="0" methods="1" coveredmethods="1"/>
      <file name="App.jsx" path="F:\Year4Reserch\Cloud-Based-Event-Management-System\frontend\src\App.jsx">
        <metrics statements="1" coveredstatements="1" conditionals="0" coveredconditionals="0" methods="1" coveredmethods="1"/>
        <line num="18" count="1" type="stmt"/>
      </file>
    </package>
    <package name="src.components">
      <metrics statements="54" coveredstatements="24" conditionals="29" coveredconditionals="10" methods="13" coveredmethods="5"/>
      <file name="Header.jsx" path="F:\Year4Reserch\Cloud-Based-Event-Management-System\frontend\src\components\Header.jsx">
        <metrics statements="47" coveredstatements="20" conditionals="29" coveredconditionals="10" methods="11" coveredmethods="4"/>
        <line num="7" count="9" type="stmt"/>
        <line num="8" count="9" type="stmt"/>
        <line num="9" count="9" type="stmt"/>
        <line num="10" count="9" type="stmt"/>
        <line num="11" count="9" type="stmt"/>
        <line num="14" count="9" type="stmt"/>
        <line num="15" count="9" type="stmt"/>
        <line num="20" count="9" type="stmt"/>
        <line num="21" count="6" type="stmt"/>
        <line num="22" count="6" type="stmt"/>
        <line num="24" count="6" type="cond" truecount="1" falsecount="1"/>
        <line num="25" count="0" type="stmt"/>
        <line num="26" count="0" type="stmt"/>
        <line num="27" count="0" type="stmt"/>
        <line num="28" count="0" type="stmt"/>
        <line num="30" count="0" type="stmt"/>
        <line num="38" count="9" type="stmt"/>
        <line num="39" count="0" type="stmt"/>
        <line num="40" count="0" type="stmt"/>
        <line num="44" count="0" type="stmt"/>
        <line num="46" count="0" type="cond" truecount="0" falsecount="2"/>
        <line num="47" count="0" type="stmt"/>
        <line num="50" count="0" type="stmt"/>
        <line num="53" count="0" type="cond" truecount="0" falsecount="2"/>
        <line num="54" count="0" type="stmt"/>
        <line num="57" count="0" type="stmt"/>
        <line num="59" count="0" type="stmt"/>
        <line num="60" count="0" type="stmt"/>
        <line num="65" count="0" type="stmt"/>
        <line num="68" count="0" type="stmt"/>
        <line num="75" count="9" type="stmt"/>
        <line num="76" count="6" type="cond" truecount="1" falsecount="1"/>
        <line num="77" count="0" type="stmt"/>
        <line num="84" count="9" type="stmt"/>
        <line num="85" count="6" type="cond" truecount="1" falsecount="1"/>
        <line num="87" count="0" type="stmt"/>
        <line num="88" count="0" type="stmt"/>
        <line num="91" count="0" type="stmt"/>
        <line num="97" count="9" type="stmt"/>
        <line num="98" count="0" type="stmt"/>
        <line num="99" count="0" type="stmt"/>
        <line num="100" count="0" type="stmt"/>
        <line num="103" count="9" type="cond" truecount="1" falsecount="1"/>
        <line num="105" count="9" type="stmt"/>
        <line num="145" count="0" type="stmt"/>
        <line num="164" count="0" type="stmt"/>
        <line num="196" count="6" type="stmt"/>
      </file>
      <file name="Sidebar.jsx" path="F:\Year4Reserch\Cloud-Based-Event-Management-System\frontend\src\components\Sidebar.jsx">
        <metrics statements="7" coveredstatements="4" conditionals="0" coveredconditionals="0" methods="2" coveredmethods="1"/>
        <line num="5" count="1" type="stmt"/>
        <line num="7" count="1" type="stmt"/>
        <line num="9" count="0" type="stmt"/>
        <line num="10" count="0" type="stmt"/>
        <line num="12" count="0" type="stmt"/>
        <line num="16" count="1" type="stmt"/>
        <line num="40" count="2" type="stmt"/>
      </file>
    </package>
    <package name="src.pages">
      <metrics statements="89" coveredstatements="51" conditionals="24" coveredconditionals="8" methods="22" coveredmethods="13"/>
      <file name="Events.jsx" path="F:\Year4Reserch\Cloud-Based-Event-Management-System\frontend\src\pages\Events.jsx">
        <metrics statements="35" coveredstatements="17" conditionals="18" coveredconditionals="6" methods="7" coveredmethods="4"/>
        <line num="7" count="2" type="stmt"/>
        <line num="8" count="2" type="stmt"/>
        <line num="9" count="2" type="stmt"/>
        <line num="11" count="2" type="stmt"/>
        <line num="12" count="1" type="stmt"/>
        <line num="15" count="2" type="stmt"/>
        <line num="17" count="1" type="stmt"/>
        <line num="19" count="1" type="stmt"/>
        <line num="20" count="1" type="stmt"/>
        <line num="22" count="1" type="stmt"/>
        <line num="24" count="1" type="cond" truecount="1" falsecount="1"/>
        <line num="25" count="0" type="stmt"/>
        <line num="27" count="0" type="stmt"/>
        <line num="29" count="0" type="stmt"/>
        <line num="32" count="1" type="stmt"/>
        <line num="35" count="0" type="stmt"/>
        <line num="36" count="0" type="stmt"/>
        <line num="41" count="2" type="stmt"/>
        <line num="43" count="0" type="stmt"/>
        <line num="45" count="0" type="cond" truecount="0" falsecount="2"/>
        <line num="46" count="0" type="stmt"/>
        <line num="47" count="0" type="stmt"/>
        <line num="50" count="0" type="cond" truecount="0" falsecount="2"/>
        <line num="51" count="0" type="stmt"/>
        <line num="52" count="0" type="stmt"/>
        <line num="55" count="0" type="stmt"/>
        <line num="57" count="0" type="stmt"/>
        <line num="62" count="0" type="cond" truecount="0" falsecount="2"/>
        <line num="64" count="0" type="stmt"/>
        <line num="68" count="0" type="cond" truecount="0" falsecount="2"/>
        <line num="74" count="2" type="stmt"/>
        <line num="96" count="1" type="stmt"/>
        <line num="98" count="1" type="stmt"/>
        <line num="119" count="0" type="stmt"/>
        <line num="141" count="2" type="stmt"/>
      </file>
      <file name="Home.jsx" path="F:\Year4Reserch\Cloud-Based-Event-Management-System\frontend\src\pages\Home.jsx">
        <metrics statements="2" coveredstatements="2" conditionals="0" coveredconditionals="0" methods="1" coveredmethods="1"/>
        <line num="5" count="1" type="stmt"/>
        <line num="153" count="1" type="stmt"/>
      </file>
      <file name="Login.jsx" path="F:\Year4Reserch\Cloud-Based-Event-Management-System\frontend\src\pages\Login.jsx">
        <metrics statements="18" coveredstatements="16" conditionals="2" coveredconditionals="1" methods="4" coveredmethods="4"/>
        <line num="8" count="3" type="stmt"/>
        <line num="10" count="3" type="stmt"/>
        <line num="11" count="3" type="stmt"/>
        <line num="13" count="3" type="stmt"/>
        <line num="15" count="1" type="stmt"/>
        <line num="17" count="1" type="stmt"/>
        <line num="22" count="1" type="stmt"/>
        <line num="23" count="1" type="stmt"/>
        <line num="25" count="1" type="stmt"/>
        <line num="26" count="1" type="stmt"/>
        <line num="28" count="1" type="cond" truecount="1" falsecount="1"/>
        <line num="29" count="1" type="stmt"/>
        <line num="31" count="0" type="stmt"/>
        <line num="36" count="0" type="stmt"/>
        <line num="42" count="3" type="stmt"/>
        <line num="61" count="1" type="stmt"/>
        <line num="68" count="1" type="stmt"/>
        <line num="92" count="2" type="stmt"/>
      </file>
      <file name="Profile.jsx" path="F:\Year4Reserch\Cloud-Based-Event-Management-System\frontend\src\pages\Profile.jsx">
        <metrics statements="19" coveredstatements="9" conditionals="4" coveredconditionals="1" methods="5" coveredmethods="3"/>
        <line num="7" count="1" type="stmt"/>
        <line num="8" count="1" type="stmt"/>
        <line num="10" count="1" type="stmt"/>
        <line num="11" count="1" type="stmt"/>
        <line num="14" count="1" type="stmt"/>
        <line num="16" count="1" type="stmt"/>
        <line num="19" count="1" type="stmt"/>
        <line num="21" count="0" type="stmt"/>
        <line num="24" count="0" type="stmt"/>
        <line num="26" count="0" type="stmt"/>
        <line num="27" count="0" type="stmt"/>
        <line num="34" count="0" type="stmt"/>
        <line num="35" count="0" type="stmt"/>
        <line num="38" count="0" type="stmt"/>
        <line num="39" count="0" type="stmt"/>
        <line num="45" count="1" type="stmt"/>
        <line num="69" count="0" type="stmt"/>
        <line num="71" count="0" type="stmt"/>
        <line num="114" count="2" type="stmt"/>
      </file>
      <file name="Register.jsx" path="F:\Year4Reserch\Cloud-Based-Event-Management-System\frontend\src\pages\Register.jsx">
        <metrics statements="15" coveredstatements="7" conditionals="0" coveredconditionals="0" methods="5" coveredmethods="1"/>
        <line num="8" count="1" type="stmt"/>
        <line num="10" count="1" type="stmt"/>
        <line num="11" count="1" type="stmt"/>
        <line num="12" count="1" type="stmt"/>
        <line num="14" count="1" type="stmt"/>
        <line num="16" count="0" type="stmt"/>
        <line num="18" count="0" type="stmt"/>
        <line num="25" count="0" type="stmt"/>
        <line num="27" count="0" type="stmt"/>
        <line num="31" count="0" type="stmt"/>
        <line num="37" count="1" type="stmt"/>
        <line num="56" count="0" type="stmt"/>
        <line num="62" count="0" type="stmt"/>
        <line num="69" count="0" type="stmt"/>
        <line num="93" count="2" type="stmt"/>
      </file>
    </package>
    <package name="src.pages.admin">
      <metrics statements="94" coveredstatements="45" conditionals="14" coveredconditionals="1" methods="28" coveredmethods="12"/>
      <file name="AdminBookings.jsx" path="F:\Year4Reserch\Cloud-Based-Event-Management-System\frontend\src\pages\admin\AdminBookings.jsx">
        <metrics statements="24" coveredstatements="12" conditionals="4" coveredconditionals="0" methods="8" coveredmethods="3"/>
        <line num="6" count="1" type="stmt"/>
        <line num="7" count="1" type="stmt"/>
        <line num="8" count="1" type="stmt"/>
        <line num="10" count="1" type="stmt"/>
        <line num="11" count="1" type="stmt"/>
        <line num="14" count="1" type="stmt"/>
        <line num="16" count="1" type="stmt"/>
        <line num="18" count="1" type="stmt"/>
        <line num="19" count="0" type="stmt"/>
        <line num="20" count="0" type="stmt"/>
        <line num="22" count="0" type="stmt"/>
        <line num="23" count="0" type="stmt"/>
        <line num="24" count="0" type="stmt"/>
        <line num="28" count="0" type="stmt"/>
        <line num="29" count="0" type="stmt"/>
        <line num="35" count="1" type="stmt"/>
        <line num="37" count="0" type="stmt"/>
        <line num="38" count="0" type="cond" truecount="0" falsecount="2"/>
        <line num="42" count="1" type="stmt"/>
        <line num="44" count="0" type="stmt"/>
        <line num="45" count="0" type="cond" truecount="0" falsecount="2"/>
        <line num="49" count="1" type="stmt"/>
        <line num="72" count="0" type="stmt"/>
        <line num="104" count="2" type="stmt"/>
      </file>
      <file name="AdminDashboard.jsx" path="F:\Year4Reserch\Cloud-Based-Event-Management-System\frontend\src\pages\admin\AdminDashboard.jsx">
        <metrics statements="17" coveredstatements="8" conditionals="0" coveredconditionals="0" methods="5" coveredmethods="3"/>
        <line num="6" count="1" type="stmt"/>
        <line num="13" count="1" type="stmt"/>
        <line num="14" count="1" type="stmt"/>
        <line num="17" count="1" type="stmt"/>
        <line num="19" count="1" type="stmt"/>
        <line num="23" count="1" type="stmt"/>
        <line num="24" count="0" type="stmt"/>
        <line num="26" count="0" type="stmt"/>
        <line num="27" count="0" type="stmt"/>
        <line num="31" count="0" type="stmt"/>
        <line num="32" count="0" type="stmt"/>
        <line num="36" count="0" type="stmt"/>
        <line num="37" count="0" type="stmt"/>
        <line num="39" count="0" type="stmt"/>
        <line num="47" count="0" type="stmt"/>
        <line num="52" count="1" type="stmt"/>
        <line num="92" count="2" type="stmt"/>
      </file>
      <file name="AdminEvents.jsx" path="F:\Year4Reserch\Cloud-Based-Event-Management-System\frontend\src\pages\admin\AdminEvents.jsx">
        <metrics statements="32" coveredstatements="14" conditionals="8" coveredconditionals="1" methods="8" coveredmethods="3"/>
        <line num="6" count="1" type="stmt"/>
        <line num="8" count="1" type="stmt"/>
        <line num="16" count="1" type="stmt"/>
        <line num="17" count="1" type="stmt"/>
        <line num="19" count="1" type="stmt"/>
        <line num="20" count="1" type="stmt"/>
        <line num="23" count="1" type="stmt"/>
        <line num="25" count="1" type="stmt"/>
        <line num="27" count="1" type="stmt"/>
        <line num="29" count="0" type="stmt"/>
        <line num="33" count="0" type="stmt"/>
        <line num="39" count="1" type="stmt"/>
        <line num="41" count="0" type="stmt"/>
        <line num="48" count="1" type="stmt"/>
        <line num="50" count="0" type="stmt"/>
        <line num="52" count="0" type="stmt"/>
        <line num="54" count="0" type="stmt"/>
        <line num="56" count="0" type="stmt"/>
        <line num="64" count="0" type="stmt"/>
        <line num="68" count="0" type="stmt"/>
        <line num="69" count="0" type="stmt"/>
        <line num="70" count="0" type="cond" truecount="0" falsecount="2"/>
        <line num="76" count="1" type="stmt"/>
        <line num="78" count="0" type="cond" truecount="0" falsecount="2"/>
        <line num="80" count="0" type="stmt"/>
        <line num="82" count="0" type="stmt"/>
        <line num="88" count="0" type="stmt"/>
        <line num="92" count="0" type="stmt"/>
        <line num="98" count="1" type="stmt"/>
        <line num="186" count="0" type="stmt"/>
        <line num="204" count="0" type="stmt"/>
        <line num="229" count="2" type="stmt"/>
      </file>
      <file name="AdminLayout.jsx" path="F:\Year4Reserch\Cloud-Based-Event-Management-System\frontend\src\pages\admin\AdminLayout.jsx">
        <metrics statements="2" coveredstatements="1" conditionals="0" coveredconditionals="0" methods="1" coveredmethods="0"/>
        <line num="6" count="0" type="stmt"/>
        <line num="22" count="1" type="stmt"/>
      </file>
      <file name="AdminUsers.jsx" path="F:\Year4Reserch\Cloud-Based-Event-Management-System\frontend\src\pages\admin\AdminUsers.jsx">
        <metrics statements="19" coveredstatements="10" conditionals="2" coveredconditionals="0" methods="6" coveredmethods="3"/>
        <line num="6" count="1" type="stmt"/>
        <line num="8" count="1" type="stmt"/>
        <line num="15" count="1" type="stmt"/>
        <line num="16" count="1" type="stmt"/>
        <line num="19" count="1" type="stmt"/>
        <line num="20" count="1" type="stmt"/>
        <line num="21" count="0" type="stmt"/>
        <line num="24" count="1" type="stmt"/>
        <line num="25" count="0" type="stmt"/>
        <line num="31" count="1" type="stmt"/>
        <line num="33" count="0" type="stmt"/>
        <line num="35" count="0" type="stmt"/>
        <line num="37" count="0" type="stmt"/>
        <line num="39" count="0" type="stmt"/>
        <line num="46" count="0" type="stmt"/>
        <line num="50" count="0" type="stmt"/>
        <line num="56" count="1" type="stmt"/>
        <line num="137" count="0" type="stmt"/>
        <line num="165" count="2" type="stmt"/>
      </file>
    </package>
    <package name="src.services">
      <metrics statements="22" coveredstatements="15" conditionals="4" coveredconditionals="1" methods="6" coveredmethods="4"/>
      <file name="api.js" path="F:\Year4Reserch\Cloud-Based-Event-Management-System\frontend\src\services\api.js">
        <metrics statements="22" coveredstatements="15" conditionals="4" coveredconditionals="1" methods="6" coveredmethods="4"/>
        <line num="6" count="8" type="stmt"/>
        <line num="11" count="8" type="stmt"/>
        <line num="15" count="8" type="stmt"/>
        <line num="19" count="8" type="stmt"/>
        <line num="23" count="8" type="stmt"/>
        <line num="31" count="8" type="stmt"/>
        <line num="32" count="32" type="stmt"/>
        <line num="33" count="5" type="stmt"/>
        <line num="35" count="5" type="cond" truecount="1" falsecount="1"/>
        <line num="36" count="0" type="stmt"/>
        <line num="39" count="5" type="stmt"/>
        <line num="47" count="8" type="stmt"/>
        <line num="48" count="32" type="stmt"/>
        <line num="49" count="0" type="stmt"/>
        <line num="51" count="0" type="cond" truecount="0" falsecount="2"/>
        <line num="52" count="0" type="stmt"/>
        <line num="53" count="0" type="stmt"/>
        <line num="54" count="0" type="stmt"/>
        <line num="56" count="0" type="stmt"/>
        <line num="65" count="8" type="stmt"/>
        <line num="71" count="32" type="stmt"/>
        <line num="72" count="32" type="stmt"/>
      </file>
    </package>
  </project>
</coverage>
