{"F:\\Year4Reserch\\Cloud-Based-Event-Management-System\\frontend\\src\\App.jsx": {"path":"F:\\Year4Reserch\\Cloud-Based-Event-Management-System\\frontend\\src\\App.jsx","statementMap":{"0":{"start":{"line":18,"column":2},"end":{"line":52,"column":null}}},"fnMap":{"0":{"name":"App","decl":{"start":{"line":16,"column":9},"end":{"line":16,"column":14}},"loc":{"start":{"line":16,"column":14},"end":{"line":52,"column":null}},"line":16}},"branchMap":{},"s":{"0":1},"f":{"0":1},"b":{},"meta":{"lastBranch":0,"lastFunction":1,"lastStatement":1,"seen":{"f:16:9:16:14":0,"s:18:2:52:Infinity":0}}}
,"F:\\Year4Reserch\\Cloud-Based-Event-Management-System\\frontend\\src\\components\\Header.jsx": {"path":"F:\\Year4Reserch\\Cloud-Based-Event-Management-System\\frontend\\src\\components\\Header.jsx","statementMap":{"0":{"start":{"line":7,"column":15},"end":{"line":7,"column":40}},"1":{"start":{"line":8,"column":15},"end":{"line":8,"column":40}},"2":{"start":{"line":9,"column":24},"end":{"line":9,"column":56}},"3":{"start":{"line":10,"column":15},"end":{"line":10,"column":41}},"4":{"start":{"line":11,"column":16},"end":{"line":11,"column":42}},"5":{"start":{"line":14,"column":29},"end":{"line":14,"column":68}},"6":{"start":{"line":15,"column":22},"end":{"line":15,"column":55}},"7":{"start":{"line":20,"column":2},"end":{"line":33,"column":null}},"8":{"start":{"line":21,"column":18},"end":{"line":21,"column":47}},"9":{"start":{"line":22,"column":23},"end":{"line":22,"column":51}},"10":{"start":{"line":24,"column":4},"end":{"line":30,"column":null}},"11":{"start":{"line":25,"column":6},"end":{"line":30,"column":null}},"12":{"start":{"line":26,"column":24},"end":{"line":26,"column":61}},"13":{"start":{"line":27,"column":8},"end":{"line":27,"column":null}},"14":{"start":{"line":28,"column":8},"end":{"line":28,"column":null}},"15":{"start":{"line":30,"column":8},"end":{"line":30,"column":null}},"16":{"start":{"line":38,"column":28},"end":{"line":68,"column":null}},"17":{"start":{"line":39,"column":4},"end":{"line":68,"column":null}},"18":{"start":{"line":40,"column":18},"end":{"line":42,"column":8}},"19":{"start":{"line":44,"column":19},"end":{"line":44,"column":null}},"20":{"start":{"line":46,"column":6},"end":{"line":61,"column":null}},"21":{"start":{"line":47,"column":23},"end":{"line":47,"column":null}},"22":{"start":{"line":50,"column":25},"end":{"line":50,"column":67}},"23":{"start":{"line":53,"column":8},"end":{"line":61,"column":null}},"24":{"start":{"line":54,"column":10},"end":{"line":54,"column":null}},"25":{"start":{"line":57,"column":10},"end":{"line":57,"column":null}},"26":{"start":{"line":59,"column":10},"end":{"line":61,"column":null}},"27":{"start":{"line":60,"column":12},"end":{"line":60,"column":null}},"28":{"start":{"line":65,"column":6},"end":{"line":65,"column":null}},"29":{"start":{"line":68,"column":6},"end":{"line":68,"column":null}},"30":{"start":{"line":75,"column":2},"end":{"line":79,"column":null}},"31":{"start":{"line":76,"column":4},"end":{"line":77,"column":null}},"32":{"start":{"line":77,"column":6},"end":{"line":77,"column":null}},"33":{"start":{"line":84,"column":2},"end":{"line":92,"column":null}},"34":{"start":{"line":85,"column":4},"end":{"line":85,"column":null}},"35":{"start":{"line":85,"column":15},"end":{"line":85,"column":null}},"36":{"start":{"line":87,"column":21},"end":{"line":89,"column":12}},"37":{"start":{"line":88,"column":6},"end":{"line":88,"column":null}},"38":{"start":{"line":91,"column":4},"end":{"line":91,"column":null}},"39":{"start":{"line":91,"column":17},"end":{"line":91,"column":40}},"40":{"start":{"line":97,"column":8},"end":{"line":100,"column":null}},"41":{"start":{"line":98,"column":4},"end":{"line":98,"column":null}},"42":{"start":{"line":99,"column":4},"end":{"line":99,"column":null}},"43":{"start":{"line":100,"column":4},"end":{"line":100,"column":null}},"44":{"start":{"line":103,"column":22},"end":{"line":103,"column":null}},"45":{"start":{"line":105,"column":2},"end":{"line":186,"column":null}},"46":{"start":{"line":145,"column":31},"end":{"line":145,"column":45}},"47":{"start":{"line":164,"column":20},"end":{"line":166,"column":null}},"48":{"start":{"line":196,"column":15},"end":{"line":306,"column":null}}},"fnMap":{"0":{"name":"Header","decl":{"start":{"line":5,"column":9},"end":{"line":5,"column":18}},"loc":{"start":{"line":5,"column":18},"end":{"line":186,"column":null}},"line":5},"1":{"name":"(anonymous_1)","decl":{"start":{"line":20,"column":2},"end":{"line":20,"column":18}},"loc":{"start":{"line":20,"column":18},"end":{"line":33,"column":7}},"line":20},"2":{"name":"(anonymous_2)","decl":{"start":{"line":38,"column":28},"end":{"line":38,"column":40}},"loc":{"start":{"line":38,"column":40},"end":{"line":68,"column":null}},"line":38},"3":{"name":"(anonymous_3)","decl":{"start":{"line":59,"column":10},"end":{"line":59,"column":27}},"loc":{"start":{"line":59,"column":27},"end":{"line":61,"column":18}},"line":59},"4":{"name":"(anonymous_4)","decl":{"start":{"line":75,"column":2},"end":{"line":75,"column":18}},"loc":{"start":{"line":75,"column":18},"end":{"line":79,"column":6}},"line":75},"5":{"name":"(anonymous_5)","decl":{"start":{"line":84,"column":2},"end":{"line":84,"column":18}},"loc":{"start":{"line":84,"column":18},"end":{"line":92,"column":6}},"line":84},"6":{"name":"(anonymous_6)","decl":{"start":{"line":87,"column":21},"end":{"line":87,"column":39}},"loc":{"start":{"line":87,"column":39},"end":{"line":89,"column":12}},"line":87},"7":{"name":"(anonymous_7)","decl":{"start":{"line":91,"column":4},"end":{"line":91,"column":17}},"loc":{"start":{"line":91,"column":17},"end":{"line":91,"column":40}},"line":91},"8":{"name":"(anonymous_8)","decl":{"start":{"line":97,"column":8},"end":{"line":97,"column":23}},"loc":{"start":{"line":97,"column":23},"end":{"line":100,"column":null}},"line":97},"9":{"name":"(anonymous_9)","decl":{"start":{"line":145,"column":16},"end":{"line":145,"column":31}},"loc":{"start":{"line":145,"column":31},"end":{"line":145,"column":45}},"line":145},"10":{"name":"(anonymous_10)","decl":{"start":{"line":163,"column":33},"end":{"line":163,"column":38}},"loc":{"start":{"line":164,"column":20},"end":{"line":166,"column":null}},"line":164}},"branchMap":{"0":{"loc":{"start":{"line":24,"column":4},"end":{"line":30,"column":null}},"type":"if","locations":[{"start":{"line":24,"column":4},"end":{"line":30,"column":null}},{"start":{},"end":{}}],"line":24},"1":{"loc":{"start":{"line":46,"column":6},"end":{"line":61,"column":null}},"type":"if","locations":[{"start":{"line":46,"column":6},"end":{"line":61,"column":null}},{"start":{},"end":{}}],"line":46},"2":{"loc":{"start":{"line":53,"column":8},"end":{"line":61,"column":null}},"type":"if","locations":[{"start":{"line":53,"column":8},"end":{"line":61,"column":null}},{"start":{},"end":{}}],"line":53},"3":{"loc":{"start":{"line":76,"column":4},"end":{"line":77,"column":null}},"type":"if","locations":[{"start":{"line":76,"column":4},"end":{"line":77,"column":null}},{"start":{},"end":{}}],"line":76},"4":{"loc":{"start":{"line":85,"column":4},"end":{"line":85,"column":null}},"type":"if","locations":[{"start":{"line":85,"column":4},"end":{"line":85,"column":null}},{"start":{},"end":{}}],"line":85},"5":{"loc":{"start":{"line":103,"column":22},"end":{"line":103,"column":null}},"type":"cond-expr","locations":[{"start":{"line":103,"column":29},"end":{"line":103,"column":57}},{"start":{"line":103,"column":60},"end":{"line":103,"column":null}}],"line":103},"6":{"loc":{"start":{"line":109,"column":7},"end":{"line":112,"column":null}},"type":"binary-expr","locations":[{"start":{"line":109,"column":7},"end":{"line":109,"column":null}},{"start":{"line":110,"column":8},"end":{"line":112,"column":null}}],"line":109},"7":{"loc":{"start":{"line":122,"column":9},"end":{"line":125,"column":null}},"type":"binary-expr","locations":[{"start":{"line":122,"column":9},"end":{"line":122,"column":17}},{"start":{"line":122,"column":17},"end":{"line":122,"column":null}},{"start":{"line":123,"column":10},"end":{"line":125,"column":null}}],"line":122},"8":{"loc":{"start":{"line":128,"column":9},"end":{"line":131,"column":null}},"type":"binary-expr","locations":[{"start":{"line":128,"column":9},"end":{"line":128,"column":null}},{"start":{"line":129,"column":10},"end":{"line":131,"column":null}}],"line":128},"9":{"loc":{"start":{"line":134,"column":9},"end":{"line":135,"column":null}},"type":"binary-expr","locations":[{"start":{"line":134,"column":9},"end":{"line":134,"column":null}},{"start":{"line":135,"column":10},"end":{"line":135,"column":null}}],"line":134},"10":{"loc":{"start":{"line":138,"column":9},"end":{"line":186,"column":null}},"type":"binary-expr","locations":[{"start":{"line":138,"column":9},"end":{"line":138,"column":null}},{"start":{"line":139,"column":10},"end":{"line":186,"column":null}}],"line":138},"11":{"loc":{"start":{"line":149,"column":17},"end":{"line":152,"column":null}},"type":"binary-expr","locations":[{"start":{"line":149,"column":17},"end":{"line":149,"column":null}},{"start":{"line":150,"column":18},"end":{"line":152,"column":null}}],"line":149},"12":{"loc":{"start":{"line":156,"column":15},"end":{"line":167,"column":null}},"type":"binary-expr","locations":[{"start":{"line":156,"column":15},"end":{"line":156,"column":null}},{"start":{"line":157,"column":16},"end":{"line":167,"column":null}}],"line":156},"13":{"loc":{"start":{"line":159,"column":19},"end":{"line":163,"column":33}},"type":"binary-expr","locations":[{"start":{"line":159,"column":19},"end":{"line":159,"column":null}},{"start":{"line":160,"column":20},"end":{"line":163,"column":33}}],"line":159}},"s":{"0":9,"1":9,"2":9,"3":9,"4":9,"5":9,"6":9,"7":9,"8":6,"9":6,"10":6,"11":0,"12":0,"13":0,"14":0,"15":0,"16":9,"17":0,"18":0,"19":0,"20":0,"21":0,"22":0,"23":0,"24":0,"25":0,"26":0,"27":0,"28":0,"29":0,"30":9,"31":6,"32":0,"33":9,"34":6,"35":6,"36":0,"37":0,"38":0,"39":0,"40":9,"41":0,"42":0,"43":0,"44":9,"45":9,"46":0,"47":0,"48":6},"f":{"0":9,"1":6,"2":0,"3":0,"4":6,"5":6,"6":0,"7":0,"8":0,"9":0,"10":0},"b":{"0":[0,6],"1":[0,0],"2":[0,0],"3":[0,6],"4":[6,0],"5":[0,9],"6":[9,0],"7":[9,0,0],"8":[9,0],"9":[9,9],"10":[9,0],"11":[0,0],"12":[0,0],"13":[0,0]},"meta":{"lastBranch":14,"lastFunction":11,"lastStatement":49,"seen":{"f:5:9:5:18":0,"s:7:15:7:40":0,"s:8:15:8:40":1,"s:9:24:9:56":2,"s:10:15:10:41":3,"s:11:16:11:42":4,"s:14:29:14:68":5,"s:15:22:15:55":6,"s:20:2:33:Infinity":7,"f:20:2:20:18":1,"s:21:18:21:47":8,"s:22:23:22:51":9,"b:24:4:30:Infinity:undefined:undefined:undefined:undefined":0,"s:24:4:30:Infinity":10,"s:25:6:30:Infinity":11,"s:26:24:26:61":12,"s:27:8:27:Infinity":13,"s:28:8:28:Infinity":14,"s:30:8:30:Infinity":15,"s:38:28:68:Infinity":16,"f:38:28:38:40":2,"s:39:4:68:Infinity":17,"s:40:18:42:8":18,"s:44:19:44:Infinity":19,"b:46:6:61:Infinity:undefined:undefined:undefined:undefined":1,"s:46:6:61:Infinity":20,"s:47:23:47:Infinity":21,"s:50:25:50:67":22,"b:53:8:61:Infinity:undefined:undefined:undefined:undefined":2,"s:53:8:61:Infinity":23,"s:54:10:54:Infinity":24,"s:57:10:57:Infinity":25,"s:59:10:61:Infinity":26,"f:59:10:59:27":3,"s:60:12:60:Infinity":27,"s:65:6:65:Infinity":28,"s:68:6:68:Infinity":29,"s:75:2:79:Infinity":30,"f:75:2:75:18":4,"b:76:4:77:Infinity:undefined:undefined:undefined:undefined":3,"s:76:4:77:Infinity":31,"s:77:6:77:Infinity":32,"s:84:2:92:Infinity":33,"f:84:2:84:18":5,"b:85:4:85:Infinity:undefined:undefined:undefined:undefined":4,"s:85:4:85:Infinity":34,"s:85:15:85:Infinity":35,"s:87:21:89:12":36,"f:87:21:87:39":6,"s:88:6:88:Infinity":37,"s:91:4:91:Infinity":38,"f:91:4:91:17":7,"s:91:17:91:40":39,"s:97:8:100:Infinity":40,"f:97:8:97:23":8,"s:98:4:98:Infinity":41,"s:99:4:99:Infinity":42,"s:100:4:100:Infinity":43,"s:103:22:103:Infinity":44,"b:103:29:103:57:103:60:103:Infinity":5,"s:105:2:186:Infinity":45,"b:109:7:109:Infinity:110:8:112:Infinity":6,"b:122:9:122:17:122:17:122:Infinity:123:10:125:Infinity":7,"b:128:9:128:Infinity:129:10:131:Infinity":8,"b:134:9:134:Infinity:135:10:135:Infinity":9,"b:138:9:138:Infinity:139:10:186:Infinity":10,"f:145:16:145:31":9,"s:145:31:145:45":46,"b:149:17:149:Infinity:150:18:152:Infinity":11,"b:156:15:156:Infinity:157:16:167:Infinity":12,"b:159:19:159:Infinity:160:20:163:33":13,"f:163:33:163:38":10,"s:164:20:166:Infinity":47,"s:196:15:306:Infinity":48}}}
,"F:\\Year4Reserch\\Cloud-Based-Event-Management-System\\frontend\\src\\components\\Sidebar.jsx": {"path":"F:\\Year4Reserch\\Cloud-Based-Event-Management-System\\frontend\\src\\components\\Sidebar.jsx","statementMap":{"0":{"start":{"line":5,"column":8},"end":{"line":5,"column":32}},"1":{"start":{"line":7,"column":8},"end":{"line":12,"column":null}},"2":{"start":{"line":9,"column":4},"end":{"line":9,"column":null}},"3":{"start":{"line":10,"column":4},"end":{"line":10,"column":null}},"4":{"start":{"line":12,"column":4},"end":{"line":12,"column":null}},"5":{"start":{"line":16,"column":2},"end":{"line":32,"column":null}},"6":{"start":{"line":40,"column":15},"end":{"line":71,"column":null}}},"fnMap":{"0":{"name":"Sidebar","decl":{"start":{"line":3,"column":9},"end":{"line":3,"column":18}},"loc":{"start":{"line":3,"column":18},"end":{"line":32,"column":null}},"line":3},"1":{"name":"(anonymous_1)","decl":{"start":{"line":7,"column":8},"end":{"line":7,"column":23}},"loc":{"start":{"line":7,"column":23},"end":{"line":12,"column":null}},"line":7}},"branchMap":{},"s":{"0":1,"1":1,"2":0,"3":0,"4":0,"5":1,"6":2},"f":{"0":1,"1":0},"b":{},"meta":{"lastBranch":0,"lastFunction":2,"lastStatement":7,"seen":{"f:3:9:3:18":0,"s:5:8:5:32":0,"s:7:8:12:Infinity":1,"f:7:8:7:23":1,"s:9:4:9:Infinity":2,"s:10:4:10:Infinity":3,"s:12:4:12:Infinity":4,"s:16:2:32:Infinity":5,"s:40:15:71:Infinity":6}}}
,"F:\\Year4Reserch\\Cloud-Based-Event-Management-System\\frontend\\src\\pages\\Events.jsx": {"path":"F:\\Year4Reserch\\Cloud-Based-Event-Management-System\\frontend\\src\\pages\\Events.jsx","statementMap":{"0":{"start":{"line":7,"column":17},"end":{"line":7,"column":42}},"1":{"start":{"line":8,"column":27},"end":{"line":8,"column":62}},"2":{"start":{"line":9,"column":18},"end":{"line":9,"column":46}},"3":{"start":{"line":11,"column":2},"end":{"line":13,"column":null}},"4":{"start":{"line":12,"column":4},"end":{"line":12,"column":null}},"5":{"start":{"line":15,"column":19},"end":{"line":36,"column":null}},"6":{"start":{"line":17,"column":4},"end":{"line":36,"column":null}},"7":{"start":{"line":19,"column":24},"end":{"line":19,"column":53}},"8":{"start":{"line":20,"column":6},"end":{"line":20,"column":null}},"9":{"start":{"line":22,"column":20},"end":{"line":22,"column":49}},"10":{"start":{"line":24,"column":6},"end":{"line":29,"column":null}},"11":{"start":{"line":25,"column":23},"end":{"line":25,"column":66}},"12":{"start":{"line":27,"column":25},"end":{"line":27,"column":57}},"13":{"start":{"line":27,"column":46},"end":{"line":27,"column":57}},"14":{"start":{"line":29,"column":8},"end":{"line":29,"column":null}},"15":{"start":{"line":32,"column":6},"end":{"line":32,"column":null}},"16":{"start":{"line":35,"column":6},"end":{"line":35,"column":null}},"17":{"start":{"line":36,"column":6},"end":{"line":36,"column":null}},"18":{"start":{"line":41,"column":24},"end":{"line":68,"column":null}},"19":{"start":{"line":43,"column":18},"end":{"line":43,"column":47}},"20":{"start":{"line":45,"column":4},"end":{"line":47,"column":null}},"21":{"start":{"line":46,"column":6},"end":{"line":46,"column":null}},"22":{"start":{"line":47,"column":6},"end":{"line":47,"column":null}},"23":{"start":{"line":50,"column":4},"end":{"line":52,"column":null}},"24":{"start":{"line":51,"column":6},"end":{"line":51,"column":null}},"25":{"start":{"line":52,"column":6},"end":{"line":52,"column":null}},"26":{"start":{"line":55,"column":4},"end":{"line":68,"column":null}},"27":{"start":{"line":57,"column":18},"end":{"line":59,"column":null}},"28":{"start":{"line":62,"column":6},"end":{"line":62,"column":null}},"29":{"start":{"line":64,"column":6},"end":{"line":64,"column":null}},"30":{"start":{"line":68,"column":6},"end":{"line":68,"column":null}},"31":{"start":{"line":74,"column":2},"end":{"line":130,"column":null}},"32":{"start":{"line":96,"column":40},"end":{"line":96,"column":75}},"33":{"start":{"line":98,"column":14},"end":{"line":124,"column":null}},"34":{"start":{"line":119,"column":35},"end":{"line":119,"column":58}},"35":{"start":{"line":141,"column":15},"end":{"line":207,"column":null}}},"fnMap":{"0":{"name":"Events","decl":{"start":{"line":5,"column":9},"end":{"line":5,"column":18}},"loc":{"start":{"line":5,"column":18},"end":{"line":130,"column":null}},"line":5},"1":{"name":"(anonymous_1)","decl":{"start":{"line":11,"column":2},"end":{"line":11,"column":18}},"loc":{"start":{"line":11,"column":18},"end":{"line":13,"column":7}},"line":11},"2":{"name":"(anonymous_2)","decl":{"start":{"line":15,"column":19},"end":{"line":15,"column":31}},"loc":{"start":{"line":15,"column":31},"end":{"line":36,"column":null}},"line":15},"3":{"name":"(anonymous_3)","decl":{"start":{"line":27,"column":37},"end":{"line":27,"column":41}},"loc":{"start":{"line":27,"column":46},"end":{"line":27,"column":57}},"line":27},"4":{"name":"(anonymous_4)","decl":{"start":{"line":41,"column":24},"end":{"line":41,"column":31}},"loc":{"start":{"line":41,"column":43},"end":{"line":68,"column":null}},"line":41},"5":{"name":"(anonymous_5)","decl":{"start":{"line":94,"column":20},"end":{"line":94,"column":25}},"loc":{"start":{"line":94,"column":35},"end":{"line":124,"column":null}},"line":94},"6":{"name":"(anonymous_6)","decl":{"start":{"line":119,"column":20},"end":{"line":119,"column":35}},"loc":{"start":{"line":119,"column":35},"end":{"line":119,"column":58}},"line":119}},"branchMap":{"0":{"loc":{"start":{"line":24,"column":6},"end":{"line":29,"column":null}},"type":"if","locations":[{"start":{"line":24,"column":6},"end":{"line":29,"column":null}},{"start":{},"end":{}}],"line":24},"1":{"loc":{"start":{"line":45,"column":4},"end":{"line":47,"column":null}},"type":"if","locations":[{"start":{"line":45,"column":4},"end":{"line":47,"column":null}},{"start":{},"end":{}}],"line":45},"2":{"loc":{"start":{"line":50,"column":4},"end":{"line":52,"column":null}},"type":"if","locations":[{"start":{"line":50,"column":4},"end":{"line":52,"column":null}},{"start":{},"end":{}}],"line":50},"3":{"loc":{"start":{"line":62,"column":12},"end":{"line":62,"column":60}},"type":"binary-expr","locations":[{"start":{"line":62,"column":12},"end":{"line":62,"column":33}},{"start":{"line":62,"column":33},"end":{"line":62,"column":60}}],"line":62},"4":{"loc":{"start":{"line":68,"column":12},"end":{"line":68,"column":64}},"type":"binary-expr","locations":[{"start":{"line":68,"column":12},"end":{"line":68,"column":42}},{"start":{"line":68,"column":42},"end":{"line":68,"column":64}}],"line":68},"5":{"loc":{"start":{"line":88,"column":9},"end":{"line":130,"column":null}},"type":"cond-expr","locations":[{"start":{"line":89,"column":10},"end":{"line":92,"column":11}},{"start":{"line":92,"column":10},"end":{"line":130,"column":null}}],"line":88},"6":{"loc":{"start":{"line":113,"column":34},"end":{"line":115,"column":null}},"type":"cond-expr","locations":[{"start":{"line":114,"column":26},"end":{"line":114,"column":null}},{"start":{"line":115,"column":26},"end":{"line":115,"column":null}}],"line":113},"7":{"loc":{"start":{"line":116,"column":30},"end":{"line":116,"column":null}},"type":"cond-expr","locations":[{"start":{"line":116,"column":50},"end":{"line":116,"column":66}},{"start":{"line":116,"column":66},"end":{"line":116,"column":null}}],"line":116},"8":{"loc":{"start":{"line":121,"column":21},"end":{"line":121,"column":null}},"type":"cond-expr","locations":[{"start":{"line":121,"column":41},"end":{"line":121,"column":58}},{"start":{"line":121,"column":58},"end":{"line":121,"column":null}}],"line":121}},"s":{"0":2,"1":2,"2":2,"3":2,"4":1,"5":2,"6":1,"7":1,"8":1,"9":1,"10":1,"11":0,"12":0,"13":0,"14":0,"15":1,"16":0,"17":0,"18":2,"19":0,"20":0,"21":0,"22":0,"23":0,"24":0,"25":0,"26":0,"27":0,"28":0,"29":0,"30":0,"31":2,"32":1,"33":1,"34":0,"35":2},"f":{"0":2,"1":1,"2":1,"3":0,"4":0,"5":1,"6":0},"b":{"0":[0,1],"1":[0,0],"2":[0,0],"3":[0,0],"4":[0,0],"5":[1,1],"6":[0,1],"7":[0,1],"8":[0,1]},"meta":{"lastBranch":9,"lastFunction":7,"lastStatement":36,"seen":{"f:5:9:5:18":0,"s:7:17:7:42":0,"s:8:27:8:62":1,"s:9:18:9:46":2,"s:11:2:13:Infinity":3,"f:11:2:11:18":1,"s:12:4:12:Infinity":4,"s:15:19:36:Infinity":5,"f:15:19:15:31":2,"s:17:4:36:Infinity":6,"s:19:24:19:53":7,"s:20:6:20:Infinity":8,"s:22:20:22:49":9,"b:24:6:29:Infinity:undefined:undefined:undefined:undefined":0,"s:24:6:29:Infinity":10,"s:25:23:25:66":11,"s:27:25:27:57":12,"f:27:37:27:41":3,"s:27:46:27:57":13,"s:29:8:29:Infinity":14,"s:32:6:32:Infinity":15,"s:35:6:35:Infinity":16,"s:36:6:36:Infinity":17,"s:41:24:68:Infinity":18,"f:41:24:41:31":4,"s:43:18:43:47":19,"b:45:4:47:Infinity:undefined:undefined:undefined:undefined":1,"s:45:4:47:Infinity":20,"s:46:6:46:Infinity":21,"s:47:6:47:Infinity":22,"b:50:4:52:Infinity:undefined:undefined:undefined:undefined":2,"s:50:4:52:Infinity":23,"s:51:6:51:Infinity":24,"s:52:6:52:Infinity":25,"s:55:4:68:Infinity":26,"s:57:18:59:Infinity":27,"s:62:6:62:Infinity":28,"b:62:12:62:33:62:33:62:60":3,"s:64:6:64:Infinity":29,"s:68:6:68:Infinity":30,"b:68:12:68:42:68:42:68:64":4,"s:74:2:130:Infinity":31,"b:89:10:92:11:92:10:130:Infinity":5,"f:94:20:94:25":5,"s:96:40:96:75":32,"s:98:14:124:Infinity":33,"b:114:26:114:Infinity:115:26:115:Infinity":6,"b:116:50:116:66:116:66:116:Infinity":7,"f:119:20:119:35":6,"s:119:35:119:58":34,"b:121:41:121:58:121:58:121:Infinity":8,"s:141:15:207:Infinity":35}}}
,"F:\\Year4Reserch\\Cloud-Based-Event-Management-System\\frontend\\src\\pages\\Home.jsx": {"path":"F:\\Year4Reserch\\Cloud-Based-Event-Management-System\\frontend\\src\\pages\\Home.jsx","statementMap":{"0":{"start":{"line":5,"column":2},"end":{"line":143,"column":null}},"1":{"start":{"line":153,"column":15},"end":{"line":279,"column":null}}},"fnMap":{"0":{"name":"Home","decl":{"start":{"line":3,"column":9},"end":{"line":3,"column":15}},"loc":{"start":{"line":3,"column":15},"end":{"line":143,"column":null}},"line":3}},"branchMap":{},"s":{"0":1,"1":1},"f":{"0":1},"b":{},"meta":{"lastBranch":0,"lastFunction":1,"lastStatement":2,"seen":{"f:3:9:3:15":0,"s:5:2:143:Infinity":0,"s:153:15:279:Infinity":1}}}
,"F:\\Year4Reserch\\Cloud-Based-Event-Management-System\\frontend\\src\\pages\\Login.jsx": {"path":"F:\\Year4Reserch\\Cloud-Based-Event-Management-System\\frontend\\src\\pages\\Login.jsx","statementMap":{"0":{"start":{"line":8,"column":8},"end":{"line":8,"column":32}},"1":{"start":{"line":10,"column":15},"end":{"line":10,"column":39}},"2":{"start":{"line":11,"column":18},"end":{"line":11,"column":45}},"3":{"start":{"line":13,"column":16},"end":{"line":36,"column":null}},"4":{"start":{"line":15,"column":4},"end":{"line":36,"column":null}},"5":{"start":{"line":17,"column":18},"end":{"line":20,"column":8}},"6":{"start":{"line":22,"column":20},"end":{"line":22,"column":null}},"7":{"start":{"line":23,"column":19},"end":{"line":23,"column":null}},"8":{"start":{"line":25,"column":6},"end":{"line":25,"column":null}},"9":{"start":{"line":26,"column":6},"end":{"line":26,"column":null}},"10":{"start":{"line":28,"column":6},"end":{"line":31,"column":null}},"11":{"start":{"line":29,"column":8},"end":{"line":29,"column":null}},"12":{"start":{"line":31,"column":8},"end":{"line":31,"column":null}},"13":{"start":{"line":36,"column":6},"end":{"line":36,"column":null}},"14":{"start":{"line":42,"column":2},"end":{"line":84,"column":null}},"15":{"start":{"line":61,"column":27},"end":{"line":61,"column":null}},"16":{"start":{"line":68,"column":27},"end":{"line":68,"column":null}},"17":{"start":{"line":92,"column":15},"end":{"line":159,"column":null}}},"fnMap":{"0":{"name":"Login","decl":{"start":{"line":6,"column":9},"end":{"line":6,"column":17}},"loc":{"start":{"line":6,"column":17},"end":{"line":84,"column":null}},"line":6},"1":{"name":"(anonymous_1)","decl":{"start":{"line":13,"column":16},"end":{"line":13,"column":28}},"loc":{"start":{"line":13,"column":28},"end":{"line":36,"column":null}},"line":13},"2":{"name":"(anonymous_2)","decl":{"start":{"line":61,"column":12},"end":{"line":61,"column":23}},"loc":{"start":{"line":61,"column":27},"end":{"line":61,"column":null}},"line":61},"3":{"name":"(anonymous_3)","decl":{"start":{"line":68,"column":12},"end":{"line":68,"column":23}},"loc":{"start":{"line":68,"column":27},"end":{"line":68,"column":null}},"line":68}},"branchMap":{"0":{"loc":{"start":{"line":28,"column":6},"end":{"line":31,"column":null}},"type":"if","locations":[{"start":{"line":28,"column":6},"end":{"line":31,"column":null}},{"start":{"line":30,"column":13},"end":{"line":31,"column":null}}],"line":28}},"s":{"0":3,"1":3,"2":3,"3":3,"4":1,"5":1,"6":1,"7":1,"8":1,"9":1,"10":1,"11":1,"12":0,"13":0,"14":3,"15":1,"16":1,"17":2},"f":{"0":3,"1":1,"2":1,"3":1},"b":{"0":[1,0]},"meta":{"lastBranch":1,"lastFunction":4,"lastStatement":18,"seen":{"f:6:9:6:17":0,"s:8:8:8:32":0,"s:10:15:10:39":1,"s:11:18:11:45":2,"s:13:16:36:Infinity":3,"f:13:16:13:28":1,"s:15:4:36:Infinity":4,"s:17:18:20:8":5,"s:22:20:22:Infinity":6,"s:23:19:23:Infinity":7,"s:25:6:25:Infinity":8,"s:26:6:26:Infinity":9,"b:28:6:31:Infinity:30:13:31:Infinity":0,"s:28:6:31:Infinity":10,"s:29:8:29:Infinity":11,"s:31:8:31:Infinity":12,"s:36:6:36:Infinity":13,"s:42:2:84:Infinity":14,"f:61:12:61:23":2,"s:61:27:61:Infinity":15,"f:68:12:68:23":3,"s:68:27:68:Infinity":16,"s:92:15:159:Infinity":17}}}
,"F:\\Year4Reserch\\Cloud-Based-Event-Management-System\\frontend\\src\\pages\\Profile.jsx": {"path":"F:\\Year4Reserch\\Cloud-Based-Event-Management-System\\frontend\\src\\pages\\Profile.jsx","statementMap":{"0":{"start":{"line":7,"column":18},"end":{"line":7,"column":45}},"1":{"start":{"line":8,"column":17},"end":{"line":8,"column":45}},"2":{"start":{"line":10,"column":2},"end":{"line":12,"column":null}},"3":{"start":{"line":11,"column":4},"end":{"line":11,"column":null}},"4":{"start":{"line":14,"column":23},"end":{"line":39,"column":null}},"5":{"start":{"line":16,"column":4},"end":{"line":39,"column":null}},"6":{"start":{"line":19,"column":21},"end":{"line":19,"column":64}},"7":{"start":{"line":21,"column":28},"end":{"line":21,"column":null}},"8":{"start":{"line":24,"column":27},"end":{"line":31,"column":null}},"9":{"start":{"line":26,"column":27},"end":{"line":26,"column":70}},"10":{"start":{"line":27,"column":10},"end":{"line":30,"column":null}},"11":{"start":{"line":34,"column":6},"end":{"line":34,"column":null}},"12":{"start":{"line":35,"column":6},"end":{"line":35,"column":null}},"13":{"start":{"line":38,"column":6},"end":{"line":38,"column":null}},"14":{"start":{"line":39,"column":6},"end":{"line":39,"column":null}},"15":{"start":{"line":45,"column":2},"end":{"line":101,"column":null}},"16":{"start":{"line":69,"column":28},"end":{"line":69,"column":null}},"17":{"start":{"line":71,"column":14},"end":{"line":95,"column":null}},"18":{"start":{"line":114,"column":15},"end":{"line":167,"column":null}}},"fnMap":{"0":{"name":"Profile","decl":{"start":{"line":5,"column":9},"end":{"line":5,"column":18}},"loc":{"start":{"line":5,"column":18},"end":{"line":101,"column":null}},"line":5},"1":{"name":"(anonymous_1)","decl":{"start":{"line":10,"column":2},"end":{"line":10,"column":16}},"loc":{"start":{"line":10,"column":16},"end":{"line":12,"column":6}},"line":10},"2":{"name":"(anonymous_2)","decl":{"start":{"line":14,"column":23},"end":{"line":14,"column":35}},"loc":{"start":{"line":14,"column":35},"end":{"line":39,"column":null}},"line":14},"3":{"name":"(anonymous_3)","decl":{"start":{"line":25,"column":26},"end":{"line":25,"column":33}},"loc":{"start":{"line":25,"column":37},"end":{"line":31,"column":null}},"line":25},"4":{"name":"(anonymous_4)","decl":{"start":{"line":67,"column":22},"end":{"line":67,"column":27}},"loc":{"start":{"line":67,"column":37},"end":{"line":95,"column":null}},"line":67}},"branchMap":{"0":{"loc":{"start":{"line":59,"column":9},"end":{"line":101,"column":null}},"type":"cond-expr","locations":[{"start":{"line":60,"column":10},"end":{"line":61,"column":21}},{"start":{"line":61,"column":12},"end":{"line":101,"column":null}}],"line":59},"1":{"loc":{"start":{"line":61,"column":12},"end":{"line":101,"column":null}},"type":"cond-expr","locations":[{"start":{"line":62,"column":10},"end":{"line":65,"column":11}},{"start":{"line":65,"column":10},"end":{"line":101,"column":null}}],"line":61}},"s":{"0":1,"1":1,"2":1,"3":1,"4":1,"5":1,"6":1,"7":0,"8":0,"9":0,"10":0,"11":0,"12":0,"13":0,"14":0,"15":1,"16":0,"17":0,"18":2},"f":{"0":1,"1":1,"2":1,"3":0,"4":0},"b":{"0":[1,0],"1":[0,0]},"meta":{"lastBranch":2,"lastFunction":5,"lastStatement":19,"seen":{"f:5:9:5:18":0,"s:7:18:7:45":0,"s:8:17:8:45":1,"s:10:2:12:Infinity":2,"f:10:2:10:16":1,"s:11:4:11:Infinity":3,"s:14:23:39:Infinity":4,"f:14:23:14:35":2,"s:16:4:39:Infinity":5,"s:19:21:19:64":6,"s:21:28:21:Infinity":7,"s:24:27:31:Infinity":8,"f:25:26:25:33":3,"s:26:27:26:70":9,"s:27:10:30:Infinity":10,"s:34:6:34:Infinity":11,"s:35:6:35:Infinity":12,"s:38:6:38:Infinity":13,"s:39:6:39:Infinity":14,"s:45:2:101:Infinity":15,"b:60:10:61:21:61:12:101:Infinity":0,"b:62:10:65:11:65:10:101:Infinity":1,"f:67:22:67:27":4,"s:69:28:69:Infinity":16,"s:71:14:95:Infinity":17,"s:114:15:167:Infinity":18}}}
,"F:\\Year4Reserch\\Cloud-Based-Event-Management-System\\frontend\\src\\pages\\Register.jsx": {"path":"F:\\Year4Reserch\\Cloud-Based-Event-Management-System\\frontend\\src\\pages\\Register.jsx","statementMap":{"0":{"start":{"line":8,"column":8},"end":{"line":8,"column":32}},"1":{"start":{"line":10,"column":18},"end":{"line":10,"column":45}},"2":{"start":{"line":11,"column":15},"end":{"line":11,"column":39}},"3":{"start":{"line":12,"column":18},"end":{"line":12,"column":45}},"4":{"start":{"line":14,"column":23},"end":{"line":31,"column":null}},"5":{"start":{"line":16,"column":4},"end":{"line":31,"column":null}},"6":{"start":{"line":18,"column":6},"end":{"line":23,"column":null}},"7":{"start":{"line":25,"column":6},"end":{"line":25,"column":null}},"8":{"start":{"line":27,"column":6},"end":{"line":27,"column":null}},"9":{"start":{"line":31,"column":6},"end":{"line":31,"column":null}},"10":{"start":{"line":37,"column":2},"end":{"line":85,"column":null}},"11":{"start":{"line":56,"column":27},"end":{"line":56,"column":null}},"12":{"start":{"line":62,"column":27},"end":{"line":62,"column":null}},"13":{"start":{"line":69,"column":27},"end":{"line":69,"column":null}},"14":{"start":{"line":93,"column":15},"end":{"line":160,"column":null}}},"fnMap":{"0":{"name":"Register","decl":{"start":{"line":6,"column":9},"end":{"line":6,"column":20}},"loc":{"start":{"line":6,"column":20},"end":{"line":85,"column":null}},"line":6},"1":{"name":"(anonymous_1)","decl":{"start":{"line":14,"column":23},"end":{"line":14,"column":35}},"loc":{"start":{"line":14,"column":35},"end":{"line":31,"column":null}},"line":14},"2":{"name":"(anonymous_2)","decl":{"start":{"line":56,"column":12},"end":{"line":56,"column":23}},"loc":{"start":{"line":56,"column":27},"end":{"line":56,"column":null}},"line":56},"3":{"name":"(anonymous_3)","decl":{"start":{"line":62,"column":12},"end":{"line":62,"column":23}},"loc":{"start":{"line":62,"column":27},"end":{"line":62,"column":null}},"line":62},"4":{"name":"(anonymous_4)","decl":{"start":{"line":69,"column":12},"end":{"line":69,"column":23}},"loc":{"start":{"line":69,"column":27},"end":{"line":69,"column":null}},"line":69}},"branchMap":{},"s":{"0":1,"1":1,"2":1,"3":1,"4":1,"5":0,"6":0,"7":0,"8":0,"9":0,"10":1,"11":0,"12":0,"13":0,"14":2},"f":{"0":1,"1":0,"2":0,"3":0,"4":0},"b":{},"meta":{"lastBranch":0,"lastFunction":5,"lastStatement":15,"seen":{"f:6:9:6:20":0,"s:8:8:8:32":0,"s:10:18:10:45":1,"s:11:15:11:39":2,"s:12:18:12:45":3,"s:14:23:31:Infinity":4,"f:14:23:14:35":1,"s:16:4:31:Infinity":5,"s:18:6:23:Infinity":6,"s:25:6:25:Infinity":7,"s:27:6:27:Infinity":8,"s:31:6:31:Infinity":9,"s:37:2:85:Infinity":10,"f:56:12:56:23":2,"s:56:27:56:Infinity":11,"f:62:12:62:23":3,"s:62:27:62:Infinity":12,"f:69:12:69:23":4,"s:69:27:69:Infinity":13,"s:93:15:160:Infinity":14}}}
,"F:\\Year4Reserch\\Cloud-Based-Event-Management-System\\frontend\\src\\pages\\admin\\AdminBookings.jsx": {"path":"F:\\Year4Reserch\\Cloud-Based-Event-Management-System\\frontend\\src\\pages\\admin\\AdminBookings.jsx","statementMap":{"0":{"start":{"line":6,"column":18},"end":{"line":6,"column":45}},"1":{"start":{"line":7,"column":15},"end":{"line":7,"column":39}},"2":{"start":{"line":8,"column":16},"end":{"line":8,"column":41}},"3":{"start":{"line":10,"column":2},"end":{"line":12,"column":null}},"4":{"start":{"line":11,"column":4},"end":{"line":11,"column":null}},"5":{"start":{"line":14,"column":19},"end":{"line":29,"column":null}},"6":{"start":{"line":16,"column":4},"end":{"line":29,"column":null}},"7":{"start":{"line":18,"column":26},"end":{"line":18,"column":75}},"8":{"start":{"line":19,"column":23},"end":{"line":19,"column":50}},"9":{"start":{"line":20,"column":24},"end":{"line":20,"column":53}},"10":{"start":{"line":22,"column":6},"end":{"line":22,"column":null}},"11":{"start":{"line":23,"column":6},"end":{"line":23,"column":null}},"12":{"start":{"line":24,"column":6},"end":{"line":24,"column":null}},"13":{"start":{"line":28,"column":6},"end":{"line":28,"column":null}},"14":{"start":{"line":29,"column":6},"end":{"line":29,"column":null}},"15":{"start":{"line":35,"column":8},"end":{"line":38,"column":null}},"16":{"start":{"line":37,"column":17},"end":{"line":37,"column":51}},"17":{"start":{"line":37,"column":33},"end":{"line":37,"column":51}},"18":{"start":{"line":38,"column":4},"end":{"line":38,"column":null}},"19":{"start":{"line":42,"column":8},"end":{"line":45,"column":null}},"20":{"start":{"line":44,"column":18},"end":{"line":44,"column":47}},"21":{"start":{"line":44,"column":35},"end":{"line":44,"column":47}},"22":{"start":{"line":45,"column":4},"end":{"line":45,"column":null}},"23":{"start":{"line":49,"column":2},"end":{"line":96,"column":null}},"24":{"start":{"line":72,"column":14},"end":{"line":88,"column":null}},"25":{"start":{"line":104,"column":15},"end":{"line":142,"column":null}}},"fnMap":{"0":{"name":"AdminBookings","decl":{"start":{"line":4,"column":9},"end":{"line":4,"column":24}},"loc":{"start":{"line":4,"column":24},"end":{"line":96,"column":null}},"line":4},"1":{"name":"(anonymous_1)","decl":{"start":{"line":10,"column":2},"end":{"line":10,"column":16}},"loc":{"start":{"line":10,"column":16},"end":{"line":12,"column":6}},"line":10},"2":{"name":"(anonymous_2)","decl":{"start":{"line":14,"column":19},"end":{"line":14,"column":31}},"loc":{"start":{"line":14,"column":31},"end":{"line":29,"column":null}},"line":14},"3":{"name":"(anonymous_3)","decl":{"start":{"line":35,"column":8},"end":{"line":35,"column":23}},"loc":{"start":{"line":35,"column":33},"end":{"line":38,"column":null}},"line":35},"4":{"name":"(anonymous_4)","decl":{"start":{"line":37,"column":23},"end":{"line":37,"column":28}},"loc":{"start":{"line":37,"column":33},"end":{"line":37,"column":51}},"line":37},"5":{"name":"(anonymous_5)","decl":{"start":{"line":42,"column":8},"end":{"line":42,"column":25}},"loc":{"start":{"line":42,"column":32},"end":{"line":45,"column":null}},"line":42},"6":{"name":"(anonymous_6)","decl":{"start":{"line":44,"column":25},"end":{"line":44,"column":30}},"loc":{"start":{"line":44,"column":35},"end":{"line":44,"column":47}},"line":44},"7":{"name":"(anonymous_7)","decl":{"start":{"line":70,"column":22},"end":{"line":70,"column":26}},"loc":{"start":{"line":72,"column":14},"end":{"line":88,"column":null}},"line":72}},"branchMap":{"0":{"loc":{"start":{"line":38,"column":11},"end":{"line":38,"column":null}},"type":"cond-expr","locations":[{"start":{"line":38,"column":18},"end":{"line":38,"column":34}},{"start":{"line":38,"column":34},"end":{"line":38,"column":null}}],"line":38},"1":{"loc":{"start":{"line":45,"column":11},"end":{"line":45,"column":null}},"type":"cond-expr","locations":[{"start":{"line":45,"column":19},"end":{"line":45,"column":33}},{"start":{"line":45,"column":33},"end":{"line":45,"column":null}}],"line":45}},"s":{"0":1,"1":1,"2":1,"3":1,"4":1,"5":1,"6":1,"7":1,"8":0,"9":0,"10":0,"11":0,"12":0,"13":0,"14":0,"15":1,"16":0,"17":0,"18":0,"19":1,"20":0,"21":0,"22":0,"23":1,"24":0,"25":2},"f":{"0":1,"1":1,"2":1,"3":0,"4":0,"5":0,"6":0,"7":0},"b":{"0":[0,0],"1":[0,0]},"meta":{"lastBranch":2,"lastFunction":8,"lastStatement":26,"seen":{"f:4:9:4:24":0,"s:6:18:6:45":0,"s:7:15:7:39":1,"s:8:16:8:41":2,"s:10:2:12:Infinity":3,"f:10:2:10:16":1,"s:11:4:11:Infinity":4,"s:14:19:29:Infinity":5,"f:14:19:14:31":2,"s:16:4:29:Infinity":6,"s:18:26:18:75":7,"s:19:23:19:50":8,"s:20:24:20:53":9,"s:22:6:22:Infinity":10,"s:23:6:23:Infinity":11,"s:24:6:24:Infinity":12,"s:28:6:28:Infinity":13,"s:29:6:29:Infinity":14,"s:35:8:38:Infinity":15,"f:35:8:35:23":3,"s:37:17:37:51":16,"f:37:23:37:28":4,"s:37:33:37:51":17,"s:38:4:38:Infinity":18,"b:38:18:38:34:38:34:38:Infinity":0,"s:42:8:45:Infinity":19,"f:42:8:42:25":5,"s:44:18:44:47":20,"f:44:25:44:30":6,"s:44:35:44:47":21,"s:45:4:45:Infinity":22,"b:45:19:45:33:45:33:45:Infinity":1,"s:49:2:96:Infinity":23,"f:70:22:70:26":7,"s:72:14:88:Infinity":24,"s:104:15:142:Infinity":25}}}
,"F:\\Year4Reserch\\Cloud-Based-Event-Management-System\\frontend\\src\\pages\\admin\\AdminDashboard.jsx": {"path":"F:\\Year4Reserch\\Cloud-Based-Event-Management-System\\frontend\\src\\pages\\admin\\AdminDashboard.jsx","statementMap":{"0":{"start":{"line":6,"column":15},"end":{"line":11,"column":4}},"1":{"start":{"line":13,"column":2},"end":{"line":15,"column":null}},"2":{"start":{"line":14,"column":4},"end":{"line":14,"column":null}},"3":{"start":{"line":17,"column":20},"end":{"line":47,"column":null}},"4":{"start":{"line":19,"column":4},"end":{"line":47,"column":null}},"5":{"start":{"line":23,"column":23},"end":{"line":23,"column":50}},"6":{"start":{"line":24,"column":20},"end":{"line":24,"column":null}},"7":{"start":{"line":26,"column":21},"end":{"line":26,"column":null}},"8":{"start":{"line":26,"column":39},"end":{"line":26,"column":58}},"9":{"start":{"line":27,"column":23},"end":{"line":27,"column":null}},"10":{"start":{"line":27,"column":41},"end":{"line":27,"column":62}},"11":{"start":{"line":31,"column":24},"end":{"line":31,"column":53}},"12":{"start":{"line":32,"column":21},"end":{"line":32,"column":null}},"13":{"start":{"line":36,"column":26},"end":{"line":36,"column":75}},"14":{"start":{"line":37,"column":23},"end":{"line":37,"column":null}},"15":{"start":{"line":39,"column":6},"end":{"line":44,"column":null}},"16":{"start":{"line":47,"column":6},"end":{"line":47,"column":null}},"17":{"start":{"line":52,"column":2},"end":{"line":81,"column":null}},"18":{"start":{"line":92,"column":15},"end":{"line":133,"column":null}}},"fnMap":{"0":{"name":"AdminDashboard","decl":{"start":{"line":4,"column":9},"end":{"line":4,"column":25}},"loc":{"start":{"line":4,"column":25},"end":{"line":81,"column":null}},"line":4},"1":{"name":"(anonymous_1)","decl":{"start":{"line":13,"column":2},"end":{"line":13,"column":16}},"loc":{"start":{"line":13,"column":16},"end":{"line":15,"column":6}},"line":13},"2":{"name":"(anonymous_2)","decl":{"start":{"line":17,"column":20},"end":{"line":17,"column":32}},"loc":{"start":{"line":17,"column":32},"end":{"line":47,"column":null}},"line":17},"3":{"name":"(anonymous_3)","decl":{"start":{"line":26,"column":27},"end":{"line":26,"column":34}},"loc":{"start":{"line":26,"column":39},"end":{"line":26,"column":58}},"line":26},"4":{"name":"(anonymous_4)","decl":{"start":{"line":27,"column":29},"end":{"line":27,"column":36}},"loc":{"start":{"line":27,"column":41},"end":{"line":27,"column":62}},"line":27}},"branchMap":{},"s":{"0":1,"1":1,"2":1,"3":1,"4":1,"5":1,"6":0,"7":0,"8":0,"9":0,"10":0,"11":0,"12":0,"13":0,"14":0,"15":0,"16":0,"17":1,"18":2},"f":{"0":1,"1":1,"2":1,"3":0,"4":0},"b":{},"meta":{"lastBranch":0,"lastFunction":5,"lastStatement":19,"seen":{"f:4:9:4:25":0,"s:6:15:11:4":0,"s:13:2:15:Infinity":1,"f:13:2:13:16":1,"s:14:4:14:Infinity":2,"s:17:20:47:Infinity":3,"f:17:20:17:32":2,"s:19:4:47:Infinity":4,"s:23:23:23:50":5,"s:24:20:24:Infinity":6,"s:26:21:26:Infinity":7,"f:26:27:26:34":3,"s:26:39:26:58":8,"s:27:23:27:Infinity":9,"f:27:29:27:36":4,"s:27:41:27:62":10,"s:31:24:31:53":11,"s:32:21:32:Infinity":12,"s:36:26:36:75":13,"s:37:23:37:Infinity":14,"s:39:6:44:Infinity":15,"s:47:6:47:Infinity":16,"s:52:2:81:Infinity":17,"s:92:15:133:Infinity":18}}}
,"F:\\Year4Reserch\\Cloud-Based-Event-Management-System\\frontend\\src\\pages\\admin\\AdminEvents.jsx": {"path":"F:\\Year4Reserch\\Cloud-Based-Event-Management-System\\frontend\\src\\pages\\admin\\AdminEvents.jsx","statementMap":{"0":{"start":{"line":6,"column":16},"end":{"line":6,"column":41}},"1":{"start":{"line":8,"column":14},"end":{"line":14,"column":4}},"2":{"start":{"line":16,"column":15},"end":{"line":16,"column":43}},"3":{"start":{"line":17,"column":16},"end":{"line":17,"column":45}},"4":{"start":{"line":19,"column":2},"end":{"line":21,"column":null}},"5":{"start":{"line":20,"column":4},"end":{"line":20,"column":null}},"6":{"start":{"line":23,"column":21},"end":{"line":33,"column":null}},"7":{"start":{"line":25,"column":4},"end":{"line":33,"column":null}},"8":{"start":{"line":27,"column":18},"end":{"line":27,"column":47}},"9":{"start":{"line":29,"column":6},"end":{"line":29,"column":null}},"10":{"start":{"line":33,"column":6},"end":{"line":33,"column":null}},"11":{"start":{"line":39,"column":8},"end":{"line":44,"column":null}},"12":{"start":{"line":41,"column":4},"end":{"line":44,"column":null}},"13":{"start":{"line":48,"column":22},"end":{"line":70,"column":null}},"14":{"start":{"line":50,"column":4},"end":{"line":70,"column":null}},"15":{"start":{"line":52,"column":6},"end":{"line":52,"column":null}},"16":{"start":{"line":54,"column":6},"end":{"line":54,"column":null}},"17":{"start":{"line":56,"column":6},"end":{"line":62,"column":null}},"18":{"start":{"line":64,"column":6},"end":{"line":64,"column":null}},"19":{"start":{"line":68,"column":6},"end":{"line":68,"column":null}},"20":{"start":{"line":69,"column":6},"end":{"line":69,"column":null}},"21":{"start":{"line":70,"column":4},"end":{"line":70,"column":null}},"22":{"start":{"line":76,"column":22},"end":{"line":92,"column":null}},"23":{"start":{"line":78,"column":4},"end":{"line":78,"column":null}},"24":{"start":{"line":78,"column":46},"end":{"line":78,"column":null}},"25":{"start":{"line":80,"column":4},"end":{"line":92,"column":null}},"26":{"start":{"line":82,"column":6},"end":{"line":86,"column":null}},"27":{"start":{"line":88,"column":6},"end":{"line":88,"column":null}},"28":{"start":{"line":92,"column":6},"end":{"line":92,"column":null}},"29":{"start":{"line":98,"column":2},"end":{"line":217,"column":null}},"30":{"start":{"line":186,"column":14},"end":{"line":213,"column":null}},"31":{"start":{"line":204,"column":35},"end":{"line":204,"column":52}},"32":{"start":{"line":229,"column":15},"end":{"line":316,"column":null}}},"fnMap":{"0":{"name":"AdminEvents","decl":{"start":{"line":4,"column":9},"end":{"line":4,"column":22}},"loc":{"start":{"line":4,"column":22},"end":{"line":217,"column":null}},"line":4},"1":{"name":"(anonymous_1)","decl":{"start":{"line":19,"column":2},"end":{"line":19,"column":16}},"loc":{"start":{"line":19,"column":16},"end":{"line":21,"column":6}},"line":19},"2":{"name":"(anonymous_2)","decl":{"start":{"line":23,"column":21},"end":{"line":23,"column":33}},"loc":{"start":{"line":23,"column":33},"end":{"line":33,"column":null}},"line":23},"3":{"name":"(anonymous_3)","decl":{"start":{"line":39,"column":8},"end":{"line":39,"column":24}},"loc":{"start":{"line":39,"column":30},"end":{"line":44,"column":null}},"line":39},"4":{"name":"(anonymous_4)","decl":{"start":{"line":48,"column":22},"end":{"line":48,"column":34}},"loc":{"start":{"line":48,"column":34},"end":{"line":70,"column":null}},"line":48},"5":{"name":"(anonymous_5)","decl":{"start":{"line":76,"column":22},"end":{"line":76,"column":29}},"loc":{"start":{"line":76,"column":36},"end":{"line":92,"column":null}},"line":76},"6":{"name":"(anonymous_6)","decl":{"start":{"line":184,"column":20},"end":{"line":184,"column":24}},"loc":{"start":{"line":186,"column":14},"end":{"line":213,"column":null}},"line":186},"7":{"name":"(anonymous_7)","decl":{"start":{"line":204,"column":22},"end":{"line":204,"column":35}},"loc":{"start":{"line":204,"column":35},"end":{"line":204,"column":52}},"line":204}},"branchMap":{"0":{"loc":{"start":{"line":70,"column":10},"end":{"line":70,"column":57}},"type":"binary-expr","locations":[{"start":{"line":70,"column":10},"end":{"line":70,"column":40}},{"start":{"line":70,"column":40},"end":{"line":70,"column":57}}],"line":70},"1":{"loc":{"start":{"line":78,"column":4},"end":{"line":78,"column":null}},"type":"if","locations":[{"start":{"line":78,"column":4},"end":{"line":78,"column":null}},{"start":{},"end":{}}],"line":78},"2":{"loc":{"start":{"line":104,"column":7},"end":{"line":157,"column":null}},"type":"binary-expr","locations":[{"start":{"line":104,"column":7},"end":{"line":104,"column":null}},{"start":{"line":106,"column":8},"end":{"line":157,"column":null}}],"line":104},"3":{"loc":{"start":{"line":200,"column":19},"end":{"line":207,"column":null}},"type":"binary-expr","locations":[{"start":{"line":200,"column":19},"end":{"line":200,"column":null}},{"start":{"line":202,"column":20},"end":{"line":207,"column":null}}],"line":200}},"s":{"0":1,"1":1,"2":1,"3":1,"4":1,"5":1,"6":1,"7":1,"8":1,"9":0,"10":0,"11":1,"12":0,"13":1,"14":0,"15":0,"16":0,"17":0,"18":0,"19":0,"20":0,"21":0,"22":1,"23":0,"24":0,"25":0,"26":0,"27":0,"28":0,"29":1,"30":0,"31":0,"32":2},"f":{"0":1,"1":1,"2":1,"3":0,"4":0,"5":0,"6":0,"7":0},"b":{"0":[0,0],"1":[0,0],"2":[1,0],"3":[0,0]},"meta":{"lastBranch":4,"lastFunction":8,"lastStatement":33,"seen":{"f:4:9:4:22":0,"s:6:16:6:41":0,"s:8:14:14:4":1,"s:16:15:16:43":2,"s:17:16:17:45":3,"s:19:2:21:Infinity":4,"f:19:2:19:16":1,"s:20:4:20:Infinity":5,"s:23:21:33:Infinity":6,"f:23:21:23:33":2,"s:25:4:33:Infinity":7,"s:27:18:27:47":8,"s:29:6:29:Infinity":9,"s:33:6:33:Infinity":10,"s:39:8:44:Infinity":11,"f:39:8:39:24":3,"s:41:4:44:Infinity":12,"s:48:22:70:Infinity":13,"f:48:22:48:34":4,"s:50:4:70:Infinity":14,"s:52:6:52:Infinity":15,"s:54:6:54:Infinity":16,"s:56:6:62:Infinity":17,"s:64:6:64:Infinity":18,"s:68:6:68:Infinity":19,"s:69:6:69:Infinity":20,"s:70:4:70:Infinity":21,"b:70:10:70:40:70:40:70:57":0,"s:76:22:92:Infinity":22,"f:76:22:76:29":5,"b:78:4:78:Infinity:undefined:undefined:undefined:undefined":1,"s:78:4:78:Infinity":23,"s:78:46:78:Infinity":24,"s:80:4:92:Infinity":25,"s:82:6:86:Infinity":26,"s:88:6:88:Infinity":27,"s:92:6:92:Infinity":28,"s:98:2:217:Infinity":29,"b:104:7:104:Infinity:106:8:157:Infinity":2,"f:184:20:184:24":6,"s:186:14:213:Infinity":30,"b:200:19:200:Infinity:202:20:207:Infinity":3,"f:204:22:204:35":7,"s:204:35:204:52":31,"s:229:15:316:Infinity":32}}}
,"F:\\Year4Reserch\\Cloud-Based-Event-Management-System\\frontend\\src\\pages\\admin\\AdminLayout.jsx": {"path":"F:\\Year4Reserch\\Cloud-Based-Event-Management-System\\frontend\\src\\pages\\admin\\AdminLayout.jsx","statementMap":{"0":{"start":{"line":6,"column":2},"end":{"line":14,"column":null}},"1":{"start":{"line":22,"column":15},"end":{"line":36,"column":null}}},"fnMap":{"0":{"name":"AdminLayout","decl":{"start":{"line":4,"column":9},"end":{"line":4,"column":22}},"loc":{"start":{"line":4,"column":22},"end":{"line":14,"column":null}},"line":4}},"branchMap":{},"s":{"0":0,"1":1},"f":{"0":0},"b":{},"meta":{"lastBranch":0,"lastFunction":1,"lastStatement":2,"seen":{"f:4:9:4:22":0,"s:6:2:14:Infinity":0,"s:22:15:36:Infinity":1}}}
,"F:\\Year4Reserch\\Cloud-Based-Event-Management-System\\frontend\\src\\pages\\admin\\AdminUsers.jsx": {"path":"F:\\Year4Reserch\\Cloud-Based-Event-Management-System\\frontend\\src\\pages\\admin\\AdminUsers.jsx","statementMap":{"0":{"start":{"line":6,"column":15},"end":{"line":6,"column":39}},"1":{"start":{"line":8,"column":14},"end":{"line":13,"column":4}},"2":{"start":{"line":15,"column":2},"end":{"line":17,"column":null}},"3":{"start":{"line":16,"column":4},"end":{"line":16,"column":null}},"4":{"start":{"line":19,"column":20},"end":{"line":21,"column":null}},"5":{"start":{"line":20,"column":16},"end":{"line":20,"column":43}},"6":{"start":{"line":21,"column":4},"end":{"line":21,"column":null}},"7":{"start":{"line":24,"column":8},"end":{"line":28,"column":null}},"8":{"start":{"line":25,"column":4},"end":{"line":28,"column":null}},"9":{"start":{"line":31,"column":21},"end":{"line":50,"column":null}},"10":{"start":{"line":33,"column":4},"end":{"line":50,"column":null}},"11":{"start":{"line":35,"column":6},"end":{"line":35,"column":null}},"12":{"start":{"line":37,"column":6},"end":{"line":37,"column":null}},"13":{"start":{"line":39,"column":6},"end":{"line":44,"column":null}},"14":{"start":{"line":46,"column":6},"end":{"line":46,"column":null}},"15":{"start":{"line":50,"column":6},"end":{"line":50,"column":null}},"16":{"start":{"line":56,"column":2},"end":{"line":153,"column":null}},"17":{"start":{"line":137,"column":14},"end":{"line":150,"column":null}},"18":{"start":{"line":165,"column":15},"end":{"line":253,"column":null}}},"fnMap":{"0":{"name":"AdminUsers","decl":{"start":{"line":4,"column":9},"end":{"line":4,"column":21}},"loc":{"start":{"line":4,"column":21},"end":{"line":153,"column":null}},"line":4},"1":{"name":"(anonymous_1)","decl":{"start":{"line":15,"column":2},"end":{"line":15,"column":16}},"loc":{"start":{"line":15,"column":16},"end":{"line":17,"column":6}},"line":15},"2":{"name":"(anonymous_2)","decl":{"start":{"line":19,"column":20},"end":{"line":19,"column":30}},"loc":{"start":{"line":19,"column":30},"end":{"line":21,"column":null}},"line":19},"3":{"name":"(anonymous_3)","decl":{"start":{"line":24,"column":8},"end":{"line":24,"column":24}},"loc":{"start":{"line":24,"column":28},"end":{"line":28,"column":null}},"line":24},"4":{"name":"(anonymous_4)","decl":{"start":{"line":31,"column":21},"end":{"line":31,"column":31}},"loc":{"start":{"line":31,"column":31},"end":{"line":50,"column":null}},"line":31},"5":{"name":"(anonymous_5)","decl":{"start":{"line":136,"column":19},"end":{"line":136,"column":23}},"loc":{"start":{"line":137,"column":14},"end":{"line":150,"column":null}},"line":137}},"branchMap":{"0":{"loc":{"start":{"line":143,"column":20},"end":{"line":145,"column":null}},"type":"cond-expr","locations":[{"start":{"line":144,"column":22},"end":{"line":144,"column":null}},{"start":{"line":145,"column":22},"end":{"line":145,"column":null}}],"line":143}},"s":{"0":1,"1":1,"2":1,"3":1,"4":1,"5":1,"6":0,"7":1,"8":0,"9":1,"10":0,"11":0,"12":0,"13":0,"14":0,"15":0,"16":1,"17":0,"18":2},"f":{"0":1,"1":1,"2":1,"3":0,"4":0,"5":0},"b":{"0":[0,0]},"meta":{"lastBranch":1,"lastFunction":6,"lastStatement":19,"seen":{"f:4:9:4:21":0,"s:6:15:6:39":0,"s:8:14:13:4":1,"s:15:2:17:Infinity":2,"f:15:2:15:16":1,"s:16:4:16:Infinity":3,"s:19:20:21:Infinity":4,"f:19:20:19:30":2,"s:20:16:20:43":5,"s:21:4:21:Infinity":6,"s:24:8:28:Infinity":7,"f:24:8:24:24":3,"s:25:4:28:Infinity":8,"s:31:21:50:Infinity":9,"f:31:21:31:31":4,"s:33:4:50:Infinity":10,"s:35:6:35:Infinity":11,"s:37:6:37:Infinity":12,"s:39:6:44:Infinity":13,"s:46:6:46:Infinity":14,"s:50:6:50:Infinity":15,"s:56:2:153:Infinity":16,"f:136:19:136:23":5,"s:137:14:150:Infinity":17,"b:144:22:144:Infinity:145:22:145:Infinity":0,"s:165:15:253:Infinity":18}}}
,"F:\\Year4Reserch\\Cloud-Based-Event-Management-System\\frontend\\src\\services\\api.js": {"path":"F:\\Year4Reserch\\Cloud-Based-Event-Management-System\\frontend\\src\\services\\api.js","statementMap":{"0":{"start":{"line":6,"column":17},"end":{"line":6,"column":99}},"1":{"start":{"line":11,"column":23},"end":{"line":13,"column":2}},"2":{"start":{"line":15,"column":24},"end":{"line":17,"column":2}},"3":{"start":{"line":19,"column":31},"end":{"line":21,"column":2}},"4":{"start":{"line":23,"column":31},"end":{"line":25,"column":2}},"5":{"start":{"line":31,"column":20},"end":{"line":41,"column":1}},"6":{"start":{"line":32,"column":2},"end":{"line":40,"column":5}},"7":{"start":{"line":33,"column":18},"end":{"line":33,"column":47}},"8":{"start":{"line":35,"column":4},"end":{"line":37,"column":5}},"9":{"start":{"line":36,"column":6},"end":{"line":36,"column":55}},"10":{"start":{"line":39,"column":4},"end":{"line":39,"column":18}},"11":{"start":{"line":47,"column":24},"end":{"line":59,"column":1}},"12":{"start":{"line":48,"column":2},"end":{"line":58,"column":4}},"13":{"start":{"line":49,"column":13},"end":{"line":49,"column":16}},"14":{"start":{"line":51,"column":6},"end":{"line":55,"column":7}},"15":{"start":{"line":52,"column":8},"end":{"line":52,"column":41}},"16":{"start":{"line":53,"column":8},"end":{"line":53,"column":40}},"17":{"start":{"line":54,"column":8},"end":{"line":54,"column":40}},"18":{"start":{"line":56,"column":6},"end":{"line":56,"column":33}},"19":{"start":{"line":65,"column":0},"end":{"line":73,"column":null}},"20":{"start":{"line":71,"column":2},"end":{"line":71,"column":19}},"21":{"start":{"line":72,"column":2},"end":{"line":72,"column":23}}},"fnMap":{"0":{"name":"(anonymous_0)","decl":{"start":{"line":31,"column":20},"end":{"line":31,"column":21}},"loc":{"start":{"line":31,"column":29},"end":{"line":41,"column":1}},"line":31},"1":{"name":"(anonymous_1)","decl":{"start":{"line":32,"column":31},"end":{"line":32,"column":32}},"loc":{"start":{"line":32,"column":43},"end":{"line":40,"column":3}},"line":32},"2":{"name":"(anonymous_2)","decl":{"start":{"line":47,"column":24},"end":{"line":47,"column":25}},"loc":{"start":{"line":47,"column":33},"end":{"line":59,"column":1}},"line":47},"3":{"name":"(anonymous_3)","decl":{"start":{"line":49,"column":4},"end":{"line":49,"column":5}},"loc":{"start":{"line":49,"column":13},"end":{"line":49,"column":16}},"line":49},"4":{"name":"(anonymous_4)","decl":{"start":{"line":50,"column":4},"end":{"line":50,"column":5}},"loc":{"start":{"line":50,"column":13},"end":{"line":57,"column":5}},"line":50},"5":{"name":"(anonymous_5)","decl":{"start":{"line":70,"column":10},"end":{"line":70,"column":11}},"loc":{"start":{"line":70,"column":19},"end":{"line":73,"column":1}},"line":70}},"branchMap":{"0":{"loc":{"start":{"line":35,"column":4},"end":{"line":37,"column":5}},"type":"if","locations":[{"start":{"line":35,"column":4},"end":{"line":37,"column":5}},{"start":{},"end":{}}],"line":35},"1":{"loc":{"start":{"line":51,"column":6},"end":{"line":55,"column":7}},"type":"if","locations":[{"start":{"line":51,"column":6},"end":{"line":55,"column":7}},{"start":{},"end":{}}],"line":51}},"s":{"0":8,"1":8,"2":8,"3":8,"4":8,"5":8,"6":32,"7":5,"8":5,"9":0,"10":5,"11":8,"12":32,"13":0,"14":0,"15":0,"16":0,"17":0,"18":0,"19":8,"20":32,"21":32},"f":{"0":32,"1":5,"2":32,"3":0,"4":0,"5":32},"b":{"0":[0,5],"1":[0,0]},"meta":{"lastBranch":2,"lastFunction":6,"lastStatement":22,"seen":{"s:6:17:6:99":0,"s:11:23:13:2":1,"s:15:24:17:2":2,"s:19:31:21:2":3,"s:23:31:25:2":4,"s:31:20:41:1":5,"f:31:20:31:21":0,"s:32:2:40:5":6,"f:32:31:32:32":1,"s:33:18:33:47":7,"b:35:4:37:5:undefined:undefined:undefined:undefined":0,"s:35:4:37:5":8,"s:36:6:36:55":9,"s:39:4:39:18":10,"s:47:24:59:1":11,"f:47:24:47:25":2,"s:48:2:58:4":12,"f:49:4:49:5":3,"s:49:13:49:16":13,"f:50:4:50:5":4,"b:51:6:55:7:undefined:undefined:undefined:undefined":1,"s:51:6:55:7":14,"s:52:8:52:41":15,"s:53:8:53:40":16,"s:54:8:54:40":17,"s:56:6:56:33":18,"s:65:0:73:Infinity":19,"f:70:10:70:11":5,"s:71:2:71:19":20,"s:72:2:72:23":21}}}
}
