TN:
SF:src\App.jsx
FN:16,App
FNF:1
FNH:1
FNDA:1,App
DA:18,1
LF:1
LH:1
BRF:0
BRH:0
end_of_record
TN:
SF:src\components\Header.jsx
FN:5,Header
FN:20,(anonymous_1)
FN:38,(anonymous_2)
FN:59,(anonymous_3)
FN:75,(anonymous_4)
FN:84,(anonymous_5)
FN:87,(anonymous_6)
FN:91,(anonymous_7)
FN:97,(anonymous_8)
FN:145,(anonymous_9)
FN:163,(anonymous_10)
FNF:11
FNH:4
FNDA:9,Header
FNDA:6,(anonymous_1)
FNDA:0,(anonymous_2)
FNDA:0,(anonymous_3)
FNDA:6,(anonymous_4)
FNDA:6,(anonymous_5)
FNDA:0,(anonymous_6)
FNDA:0,(anonymous_7)
FNDA:0,(anonymous_8)
FNDA:0,(anonymous_9)
FNDA:0,(anonymous_10)
DA:7,9
DA:8,9
DA:9,9
DA:10,9
DA:11,9
DA:14,9
DA:15,9
DA:20,9
DA:21,6
DA:22,6
DA:24,6
DA:25,0
DA:26,0
DA:27,0
DA:28,0
DA:30,0
DA:38,9
DA:39,0
DA:40,0
DA:44,0
DA:46,0
DA:47,0
DA:50,0
DA:53,0
DA:54,0
DA:57,0
DA:59,0
DA:60,0
DA:65,0
DA:68,0
DA:75,9
DA:76,6
DA:77,0
DA:84,9
DA:85,6
DA:87,0
DA:88,0
DA:91,0
DA:97,9
DA:98,0
DA:99,0
DA:100,0
DA:103,9
DA:105,9
DA:145,0
DA:164,0
DA:196,6
LF:47
LH:20
BRDA:24,0,0,0
BRDA:24,0,1,6
BRDA:46,1,0,0
BRDA:46,1,1,0
BRDA:53,2,0,0
BRDA:53,2,1,0
BRDA:76,3,0,0
BRDA:76,3,1,6
BRDA:85,4,0,6
BRDA:85,4,1,0
BRDA:103,5,0,0
BRDA:103,5,1,9
BRDA:109,6,0,9
BRDA:109,6,1,0
BRDA:122,7,0,9
BRDA:122,7,1,0
BRDA:122,7,2,0
BRDA:128,8,0,9
BRDA:128,8,1,0
BRDA:134,9,0,9
BRDA:134,9,1,9
BRDA:138,10,0,9
BRDA:138,10,1,0
BRDA:149,11,0,0
BRDA:149,11,1,0
BRDA:156,12,0,0
BRDA:156,12,1,0
BRDA:159,13,0,0
BRDA:159,13,1,0
BRF:29
BRH:10
end_of_record
TN:
SF:src\components\Sidebar.jsx
FN:3,Sidebar
FN:7,(anonymous_1)
FNF:2
FNH:1
FNDA:1,Sidebar
FNDA:0,(anonymous_1)
DA:5,1
DA:7,1
DA:9,0
DA:10,0
DA:12,0
DA:16,1
DA:40,2
LF:7
LH:4
BRF:0
BRH:0
end_of_record
TN:
SF:src\pages\Events.jsx
FN:5,Events
FN:11,(anonymous_1)
FN:15,(anonymous_2)
FN:27,(anonymous_3)
FN:41,(anonymous_4)
FN:94,(anonymous_5)
FN:119,(anonymous_6)
FNF:7
FNH:4
FNDA:2,Events
FNDA:1,(anonymous_1)
FNDA:1,(anonymous_2)
FNDA:0,(anonymous_3)
FNDA:0,(anonymous_4)
FNDA:1,(anonymous_5)
FNDA:0,(anonymous_6)
DA:7,2
DA:8,2
DA:9,2
DA:11,2
DA:12,1
DA:15,2
DA:17,1
DA:19,1
DA:20,1
DA:22,1
DA:24,1
DA:25,0
DA:27,0
DA:29,0
DA:32,1
DA:35,0
DA:36,0
DA:41,2
DA:43,0
DA:45,0
DA:46,0
DA:47,0
DA:50,0
DA:51,0
DA:52,0
DA:55,0
DA:57,0
DA:62,0
DA:64,0
DA:68,0
DA:74,2
DA:96,1
DA:98,1
DA:119,0
DA:141,2
LF:35
LH:17
BRDA:24,0,0,0
BRDA:24,0,1,1
BRDA:45,1,0,0
BRDA:45,1,1,0
BRDA:50,2,0,0
BRDA:50,2,1,0
BRDA:62,3,0,0
BRDA:62,3,1,0
BRDA:68,4,0,0
BRDA:68,4,1,0
BRDA:88,5,0,1
BRDA:88,5,1,1
BRDA:113,6,0,0
BRDA:113,6,1,1
BRDA:116,7,0,0
BRDA:116,7,1,1
BRDA:121,8,0,0
BRDA:121,8,1,1
BRF:18
BRH:6
end_of_record
TN:
SF:src\pages\Home.jsx
FN:3,Home
FNF:1
FNH:1
FNDA:1,Home
DA:5,1
DA:153,1
LF:2
LH:2
BRF:0
BRH:0
end_of_record
TN:
SF:src\pages\Login.jsx
FN:6,Login
FN:13,(anonymous_1)
FN:61,(anonymous_2)
FN:68,(anonymous_3)
FNF:4
FNH:4
FNDA:3,Login
FNDA:1,(anonymous_1)
FNDA:1,(anonymous_2)
FNDA:1,(anonymous_3)
DA:8,3
DA:10,3
DA:11,3
DA:13,3
DA:15,1
DA:17,1
DA:22,1
DA:23,1
DA:25,1
DA:26,1
DA:28,1
DA:29,1
DA:31,0
DA:36,0
DA:42,3
DA:61,1
DA:68,1
DA:92,2
LF:18
LH:16
BRDA:28,0,0,1
BRDA:28,0,1,0
BRF:2
BRH:1
end_of_record
TN:
SF:src\pages\Profile.jsx
FN:5,Profile
FN:10,(anonymous_1)
FN:14,(anonymous_2)
FN:25,(anonymous_3)
FN:67,(anonymous_4)
FNF:5
FNH:3
FNDA:1,Profile
FNDA:1,(anonymous_1)
FNDA:1,(anonymous_2)
FNDA:0,(anonymous_3)
FNDA:0,(anonymous_4)
DA:7,1
DA:8,1
DA:10,1
DA:11,1
DA:14,1
DA:16,1
DA:19,1
DA:21,0
DA:24,0
DA:26,0
DA:27,0
DA:34,0
DA:35,0
DA:38,0
DA:39,0
DA:45,1
DA:69,0
DA:71,0
DA:114,2
LF:19
LH:9
BRDA:59,0,0,1
BRDA:59,0,1,0
BRDA:61,1,0,0
BRDA:61,1,1,0
BRF:4
BRH:1
end_of_record
TN:
SF:src\pages\Register.jsx
FN:6,Register
FN:14,(anonymous_1)
FN:56,(anonymous_2)
FN:62,(anonymous_3)
FN:69,(anonymous_4)
FNF:5
FNH:1
FNDA:1,Register
FNDA:0,(anonymous_1)
FNDA:0,(anonymous_2)
FNDA:0,(anonymous_3)
FNDA:0,(anonymous_4)
DA:8,1
DA:10,1
DA:11,1
DA:12,1
DA:14,1
DA:16,0
DA:18,0
DA:25,0
DA:27,0
DA:31,0
DA:37,1
DA:56,0
DA:62,0
DA:69,0
DA:93,2
LF:15
LH:7
BRF:0
BRH:0
end_of_record
TN:
SF:src\pages\admin\AdminBookings.jsx
FN:4,AdminBookings
FN:10,(anonymous_1)
FN:14,(anonymous_2)
FN:35,(anonymous_3)
FN:37,(anonymous_4)
FN:42,(anonymous_5)
FN:44,(anonymous_6)
FN:70,(anonymous_7)
FNF:8
FNH:3
FNDA:1,AdminBookings
FNDA:1,(anonymous_1)
FNDA:1,(anonymous_2)
FNDA:0,(anonymous_3)
FNDA:0,(anonymous_4)
FNDA:0,(anonymous_5)
FNDA:0,(anonymous_6)
FNDA:0,(anonymous_7)
DA:6,1
DA:7,1
DA:8,1
DA:10,1
DA:11,1
DA:14,1
DA:16,1
DA:18,1
DA:19,0
DA:20,0
DA:22,0
DA:23,0
DA:24,0
DA:28,0
DA:29,0
DA:35,1
DA:37,0
DA:38,0
DA:42,1
DA:44,0
DA:45,0
DA:49,1
DA:72,0
DA:104,2
LF:24
LH:12
BRDA:38,0,0,0
BRDA:38,0,1,0
BRDA:45,1,0,0
BRDA:45,1,1,0
BRF:4
BRH:0
end_of_record
TN:
SF:src\pages\admin\AdminDashboard.jsx
FN:4,AdminDashboard
FN:13,(anonymous_1)
FN:17,(anonymous_2)
FN:26,(anonymous_3)
FN:27,(anonymous_4)
FNF:5
FNH:3
FNDA:1,AdminDashboard
FNDA:1,(anonymous_1)
FNDA:1,(anonymous_2)
FNDA:0,(anonymous_3)
FNDA:0,(anonymous_4)
DA:6,1
DA:13,1
DA:14,1
DA:17,1
DA:19,1
DA:23,1
DA:24,0
DA:26,0
DA:27,0
DA:31,0
DA:32,0
DA:36,0
DA:37,0
DA:39,0
DA:47,0
DA:52,1
DA:92,2
LF:17
LH:8
BRF:0
BRH:0
end_of_record
TN:
SF:src\pages\admin\AdminEvents.jsx
FN:4,AdminEvents
FN:19,(anonymous_1)
FN:23,(anonymous_2)
FN:39,(anonymous_3)
FN:48,(anonymous_4)
FN:76,(anonymous_5)
FN:184,(anonymous_6)
FN:204,(anonymous_7)
FNF:8
FNH:3
FNDA:1,AdminEvents
FNDA:1,(anonymous_1)
FNDA:1,(anonymous_2)
FNDA:0,(anonymous_3)
FNDA:0,(anonymous_4)
FNDA:0,(anonymous_5)
FNDA:0,(anonymous_6)
FNDA:0,(anonymous_7)
DA:6,1
DA:8,1
DA:16,1
DA:17,1
DA:19,1
DA:20,1
DA:23,1
DA:25,1
DA:27,1
DA:29,0
DA:33,0
DA:39,1
DA:41,0
DA:48,1
DA:50,0
DA:52,0
DA:54,0
DA:56,0
DA:64,0
DA:68,0
DA:69,0
DA:70,0
DA:76,1
DA:78,0
DA:80,0
DA:82,0
DA:88,0
DA:92,0
DA:98,1
DA:186,0
DA:204,0
DA:229,2
LF:32
LH:14
BRDA:70,0,0,0
BRDA:70,0,1,0
BRDA:78,1,0,0
BRDA:78,1,1,0
BRDA:104,2,0,1
BRDA:104,2,1,0
BRDA:200,3,0,0
BRDA:200,3,1,0
BRF:8
BRH:1
end_of_record
TN:
SF:src\pages\admin\AdminLayout.jsx
FN:4,AdminLayout
FNF:1
FNH:0
FNDA:0,AdminLayout
DA:6,0
DA:22,1
LF:2
LH:1
BRF:0
BRH:0
end_of_record
TN:
SF:src\pages\admin\AdminUsers.jsx
FN:4,AdminUsers
FN:15,(anonymous_1)
FN:19,(anonymous_2)
FN:24,(anonymous_3)
FN:31,(anonymous_4)
FN:136,(anonymous_5)
FNF:6
FNH:3
FNDA:1,AdminUsers
FNDA:1,(anonymous_1)
FNDA:1,(anonymous_2)
FNDA:0,(anonymous_3)
FNDA:0,(anonymous_4)
FNDA:0,(anonymous_5)
DA:6,1
DA:8,1
DA:15,1
DA:16,1
DA:19,1
DA:20,1
DA:21,0
DA:24,1
DA:25,0
DA:31,1
DA:33,0
DA:35,0
DA:37,0
DA:39,0
DA:46,0
DA:50,0
DA:56,1
DA:137,0
DA:165,2
LF:19
LH:10
BRDA:143,0,0,0
BRDA:143,0,1,0
BRF:2
BRH:0
end_of_record
TN:
SF:src\services\api.js
FN:31,(anonymous_0)
FN:32,(anonymous_1)
FN:47,(anonymous_2)
FN:49,(anonymous_3)
FN:50,(anonymous_4)
FN:70,(anonymous_5)
FNF:6
FNH:4
FNDA:32,(anonymous_0)
FNDA:5,(anonymous_1)
FNDA:32,(anonymous_2)
FNDA:0,(anonymous_3)
FNDA:0,(anonymous_4)
FNDA:32,(anonymous_5)
DA:6,8
DA:11,8
DA:15,8
DA:19,8
DA:23,8
DA:31,8
DA:32,32
DA:33,5
DA:35,5
DA:36,0
DA:39,5
DA:47,8
DA:48,32
DA:49,0
DA:51,0
DA:52,0
DA:53,0
DA:54,0
DA:56,0
DA:65,8
DA:71,32
DA:72,32
LF:22
LH:15
BRDA:35,0,0,0
BRDA:35,0,1,5
BRDA:51,1,0,0
BRDA:51,1,1,0
BRF:4
BRH:1
end_of_record
